#
# There is insufficient memory for the Java Runtime Environment to continue.
# Native memory allocation (malloc) failed to allocate 1087056 bytes for Chunk::new
# Possible reasons:
#   The system is out of physical RAM or swap space
#   The process is running with CompressedOops enabled, and the Java Heap may be blocking the growth of the native heap
# Possible solutions:
#   Reduce memory load on the system
#   Increase physical memory or swap space
#   Check if swap backing store is full
#   Decrease Java heap size (-Xmx/-Xms)
#   Decrease number of Java threads
#   Decrease Java thread stack sizes (-Xss)
#   Set larger code cache with -XX:ReservedCodeCacheSize=
#   JVM is running with Unscaled Compressed Oops mode in which the Java heap is
#     placed in the first 4GB address space. The Java Heap base address is the
#     maximum limit for the native heap growth. Please use -XX:HeapBaseMinAddress
#     to set the Java Heap base and to place the Java Heap above 4GB virtual address.
# This output file may be truncated or incomplete.
#
#  Out of Memory Error (allocation.cpp:389), pid=15188, tid=0x000000000000262c
#
# JRE version: Java(TM) SE Runtime Environment (8.0_251-b08) (build 1.8.0_251-b08)
# Java VM: Java HotSpot(TM) 64-Bit Server VM (25.251-b08 mixed mode windows-amd64 compressed oops)
# Failed to write core dump. Minidumps are not enabled by default on client versions of Windows
#

---------------  T H R E A D  ---------------

Current thread (0x0000000017d62000):  JavaThread "C2 CompilerThread1" daemon [_thread_in_native, id=9772, stack(0x00000000194b0000,0x00000000195b0000)]

Stack: [0x00000000194b0000,0x00000000195b0000]
[error occurred during error reporting (printing stack bounds), id 0xc0000005]

Native frames: (J=compiled Java code, j=interpreted, Vv=VM code, C=native code)


Current CompileTask:
C2: 773597 20292       4       org.gradle.internal.graph.CachingDirectedGraphWalker::doSearch (659 bytes)


---------------  P R O C E S S  ---------------

Java Threads: ( => current thread )
  0x0000000020f36800 JavaThread "Cache worker for execution history cache (D:\CuoiKy\.gradle\6.5\executionHistory)" [_thread_blocked, id=16660, stack(0x000000002a380000,0x000000002a480000)]
  0x0000000020f2f000 JavaThread "Execution worker for ':' Thread 3" [_thread_blocked, id=13616, stack(0x000000002a280000,0x000000002a380000)]
  0x0000000020f36000 JavaThread "Execution worker for ':' Thread 2" [_thread_in_Java, id=9000, stack(0x0000000029f80000,0x000000002a080000)]
  0x0000000020f2e000 JavaThread "Execution worker for ':'" [_thread_blocked, id=17220, stack(0x0000000029d30000,0x0000000029e30000)]
  0x0000000020f2f800 JavaThread "Cache worker for file content cache (D:\CuoiKy\.gradle\6.5\fileContent)" [_thread_blocked, id=5468, stack(0x0000000027e10000,0x0000000027f10000)]
  0x0000000020f34000 JavaThread "pool-11-thread-1" [_thread_blocked, id=5912, stack(0x0000000027910000,0x0000000027a10000)]
  0x0000000020f33800 JavaThread "Cache worker for Build Output Cleanup Cache (D:\CuoiKy\.gradle\buildOutputCleanup)" [_thread_blocked, id=6636, stack(0x0000000027610000,0x0000000027710000)]
  0x0000000020f32800 JavaThread "Build operations Thread 4" [_thread_blocked, id=3264, stack(0x0000000021910000,0x0000000021a10000)]
  0x0000000020f32000 JavaThread "Build operations Thread 3" [_thread_blocked, id=13748, stack(0x0000000021810000,0x0000000021910000)]
  0x0000000020f35000 JavaThread "Build operations Thread 2" [_thread_blocked, id=15052, stack(0x0000000020040000,0x0000000020140000)]
  0x0000000020676800 JavaThread "Build operations" [_thread_blocked, id=15224, stack(0x000000001f840000,0x000000001f940000)]
  0x000000002067b000 JavaThread "Cache worker for cache directory md-rule (C:\Users\Huynh Tan Viet\.gradle\caches\6.5\md-rule)" [_thread_blocked, id=6396, stack(0x000000001f740000,0x000000001f840000)]
  0x000000002067b800 JavaThread "Cache worker for cache directory md-supplier (C:\Users\Huynh Tan Viet\.gradle\caches\6.5\md-supplier)" [_thread_blocked, id=15976, stack(0x000000001f1a0000,0x000000001f2a0000)]
  0x0000000020679800 JavaThread "Cache worker for checksums cache (D:\CuoiKy\.gradle\checksums)" [_thread_blocked, id=16844, stack(0x000000001f0a0000,0x000000001f1a0000)]
  0x0000000020671000 JavaThread "Cache worker for file hash cache (D:\CuoiKy\.gradle\6.5\fileHashes)" [_thread_blocked, id=13116, stack(0x000000001c800000,0x000000001c900000)]
  0x000000002066f000 JavaThread "Thread-419" [_thread_blocked, id=14776, stack(0x000000001c700000,0x000000001c800000)]
  0x0000000020672000 JavaThread "Stdin handler" [_thread_blocked, id=6092, stack(0x000000001c600000,0x000000001c700000)]
  0x0000000020675800 JavaThread "Asynchronous log dispatcher for DefaultDaemonConnection: socket connection from /127.0.0.1:49822 to /127.0.0.1:50355" [_thread_blocked, id=12820, stack(0x000000001c500000,0x000000001c600000)]
  0x0000000020675000 JavaThread "Cancel handler" [_thread_blocked, id=15832, stack(0x0000000001420000,0x0000000001520000)]
  0x0000000020674000 JavaThread "Handler for socket connection from /127.0.0.1:49822 to /127.0.0.1:50355" [_thread_in_native, id=2224, stack(0x0000000001320000,0x0000000001420000)]
  0x0000000020672800 JavaThread "Cache worker for Java compile cache (C:\Users\Huynh Tan Viet\.gradle\caches\6.5\javaCompile)" [_thread_blocked, id=14240, stack(0x000000002b510000,0x000000002b610000)]
  0x000000001d8c3800 JavaThread "jar transforms Thread 276" [_thread_blocked, id=16596, stack(0x0000000027510000,0x0000000027610000)]
  0x000000001d8c5800 JavaThread "jar transforms Thread 275" [_thread_blocked, id=6608, stack(0x0000000027410000,0x0000000027510000)]
  0x000000001d8c7000 JavaThread "jar transforms Thread 274" [_thread_blocked, id=3384, stack(0x0000000027310000,0x0000000027410000)]
  0x000000001d8c1000 JavaThread "jar transforms Thread 273" [_thread_blocked, id=10748, stack(0x0000000027210000,0x0000000027310000)]
  0x000000001d8c8000 JavaThread "jar transforms Thread 272" [_thread_blocked, id=12688, stack(0x0000000027110000,0x0000000027210000)]
  0x000000001d8c4000 JavaThread "jar transforms Thread 271" [_thread_blocked, id=11136, stack(0x0000000027010000,0x0000000027110000)]
  0x000000001d688800 JavaThread "jar transforms Thread 270" [_thread_blocked, id=16852, stack(0x0000000026f10000,0x0000000027010000)]
  0x000000001d688000 JavaThread "jar transforms Thread 269" [_thread_blocked, id=316, stack(0x0000000026e10000,0x0000000026f10000)]
  0x000000001d68e000 JavaThread "jar transforms Thread 268" [_thread_blocked, id=17836, stack(0x0000000026d10000,0x0000000026e10000)]
  0x000000001d68c800 JavaThread "jar transforms Thread 267" [_thread_blocked, id=1892, stack(0x0000000026c10000,0x0000000026d10000)]
  0x000000001d68b800 JavaThread "jar transforms Thread 266" [_thread_blocked, id=16840, stack(0x0000000026b10000,0x0000000026c10000)]
  0x000000001d68b000 JavaThread "jar transforms Thread 265" [_thread_blocked, id=19084, stack(0x0000000026a10000,0x0000000026b10000)]
  0x000000001d68a000 JavaThread "jar transforms Thread 264" [_thread_blocked, id=16084, stack(0x0000000026910000,0x0000000026a10000)]
  0x000000001d689800 JavaThread "jar transforms Thread 263" [_thread_blocked, id=14816, stack(0x0000000026810000,0x0000000026910000)]
  0x000000001d68d000 JavaThread "jar transforms Thread 262" [_thread_blocked, id=19064, stack(0x0000000026710000,0x0000000026810000)]
  0x000000001d687000 JavaThread "jar transforms Thread 261" [_thread_blocked, id=3632, stack(0x0000000026610000,0x0000000026710000)]
  0x000000001d67f800 JavaThread "jar transforms Thread 260" [_thread_blocked, id=11072, stack(0x0000000026510000,0x0000000026610000)]
  0x000000001d685000 JavaThread "jar transforms Thread 259" [_thread_blocked, id=14664, stack(0x0000000026410000,0x0000000026510000)]
  0x000000001d686800 JavaThread "jar transforms Thread 258" [_thread_blocked, id=9840, stack(0x0000000026310000,0x0000000026410000)]
  0x000000001d682800 JavaThread "jar transforms Thread 257" [_thread_blocked, id=10780, stack(0x0000000026210000,0x0000000026310000)]
  0x000000001d682000 JavaThread "jar transforms Thread 256" [_thread_blocked, id=6356, stack(0x0000000026110000,0x0000000026210000)]
  0x000000001d684000 JavaThread "jar transforms Thread 255" [_thread_blocked, id=10540, stack(0x0000000026010000,0x0000000026110000)]
  0x000000001d683800 JavaThread "jar transforms Thread 254" [_thread_blocked, id=18856, stack(0x0000000025f10000,0x0000000026010000)]
  0x000000001d67e800 JavaThread "jar transforms Thread 253" [_thread_blocked, id=12316, stack(0x0000000025e10000,0x0000000025f10000)]
  0x000000001d681000 JavaThread "jar transforms Thread 252" [_thread_blocked, id=9476, stack(0x0000000025d10000,0x0000000025e10000)]
  0x000000001d685800 JavaThread "jar transforms Thread 251" [_thread_blocked, id=17268, stack(0x0000000025c10000,0x0000000025d10000)]
  0x000000001d680000 JavaThread "jar transforms Thread 250" [_thread_blocked, id=5076, stack(0x0000000025b10000,0x0000000025c10000)]
  0x000000001e25d000 JavaThread "jar transforms Thread 249" [_thread_blocked, id=14068, stack(0x0000000025a10000,0x0000000025b10000)]
  0x000000001e25c000 JavaThread "jar transforms Thread 248" [_thread_blocked, id=268, stack(0x0000000025910000,0x0000000025a10000)]
  0x000000001e25b800 JavaThread "jar transforms Thread 247" [_thread_blocked, id=11024, stack(0x0000000025810000,0x0000000025910000)]
  0x000000001e25a800 JavaThread "jar transforms Thread 246" [_thread_blocked, id=13768, stack(0x0000000025710000,0x0000000025810000)]
  0x000000001e25d800 JavaThread "jar transforms Thread 245" [_thread_blocked, id=1332, stack(0x0000000025610000,0x0000000025710000)]
  0x000000001e25a000 JavaThread "jar transforms Thread 244" [_thread_blocked, id=14844, stack(0x0000000025510000,0x0000000025610000)]
  0x000000001e258800 JavaThread "jar transforms Thread 243" [_thread_blocked, id=13020, stack(0x0000000025410000,0x0000000025510000)]
  0x000000001e25f000 JavaThread "jar transforms Thread 242" [_thread_blocked, id=5016, stack(0x0000000025310000,0x0000000025410000)]
  0x000000001e257800 JavaThread "jar transforms Thread 241" [_thread_blocked, id=956, stack(0x0000000025210000,0x0000000025310000)]
  0x000000001e259000 JavaThread "jar transforms Thread 240" [_thread_blocked, id=4884, stack(0x0000000025110000,0x0000000025210000)]
  0x000000001e25e800 JavaThread "jar transforms Thread 239" [_thread_blocked, id=18168, stack(0x0000000025010000,0x0000000025110000)]
  0x000000001e250000 JavaThread "jar transforms Thread 238" [_thread_blocked, id=11664, stack(0x0000000024f10000,0x0000000025010000)]
  0x000000001e257000 JavaThread "jar transforms Thread 237" [_thread_blocked, id=11004, stack(0x0000000024e10000,0x0000000024f10000)]
  0x000000001e254800 JavaThread "jar transforms Thread 236" [_thread_blocked, id=6740, stack(0x0000000024d10000,0x0000000024e10000)]
  0x000000001e253000 JavaThread "jar transforms Thread 235" [_thread_blocked, id=8940, stack(0x0000000024c10000,0x0000000024d10000)]
  0x000000001e251800 JavaThread "jar transforms Thread 234" [_thread_blocked, id=16432, stack(0x0000000024b10000,0x0000000024c10000)]
  0x000000001e254000 JavaThread "jar transforms Thread 233" [_thread_blocked, id=5604, stack(0x0000000024a10000,0x0000000024b10000)]
  0x000000001e251000 JavaThread "jar transforms Thread 232" [_thread_blocked, id=6596, stack(0x0000000024910000,0x0000000024a10000)]
  0x000000001e256000 JavaThread "jar transforms Thread 231" [_thread_blocked, id=3308, stack(0x0000000024810000,0x0000000024910000)]
  0x000000001e252800 JavaThread "jar transforms Thread 230" [_thread_blocked, id=18484, stack(0x0000000024710000,0x0000000024810000)]
  0x000000001e255800 JavaThread "jar transforms Thread 229" [_thread_blocked, id=13232, stack(0x0000000024610000,0x0000000024710000)]
  0x000000001a2a2800 JavaThread "jar transforms Thread 228" [_thread_blocked, id=19272, stack(0x0000000024510000,0x0000000024610000)]
  0x000000001a2a1000 JavaThread "jar transforms Thread 227" [_thread_blocked, id=13620, stack(0x0000000024410000,0x0000000024510000)]
  0x000000001a2a7000 JavaThread "jar transforms Thread 226" [_thread_blocked, id=18336, stack(0x0000000024310000,0x0000000024410000)]
  0x000000001a2a8000 JavaThread "jar transforms Thread 225" [_thread_blocked, id=15420, stack(0x0000000024210000,0x0000000024310000)]
  0x000000001a2a6800 JavaThread "jar transforms Thread 224" [_thread_blocked, id=12512, stack(0x0000000024110000,0x0000000024210000)]
  0x000000001a2a5800 JavaThread "jar transforms Thread 223" [_thread_blocked, id=15940, stack(0x0000000024010000,0x0000000024110000)]
  0x000000001d7bf000 JavaThread "jar transforms Thread 222" [_thread_blocked, id=9992, stack(0x0000000023f10000,0x0000000024010000)]
  0x000000001d7bb000 JavaThread "jar transforms Thread 221" [_thread_blocked, id=18568, stack(0x0000000023e10000,0x0000000023f10000)]
  0x000000001d7be000 JavaThread "jar transforms Thread 220" [_thread_blocked, id=7932, stack(0x0000000023d10000,0x0000000023e10000)]
  0x000000001d7bd800 JavaThread "jar transforms Thread 219" [_thread_blocked, id=13304, stack(0x0000000023c10000,0x0000000023d10000)]
  0x000000001d7ba800 JavaThread "jar transforms Thread 218" [_thread_blocked, id=12696, stack(0x0000000023b10000,0x0000000023c10000)]
  0x000000001d7bc800 JavaThread "jar transforms Thread 217" [_thread_blocked, id=11340, stack(0x0000000023a10000,0x0000000023b10000)]
  0x000000001d7bc000 JavaThread "jar transforms Thread 216" [_thread_blocked, id=7660, stack(0x0000000023910000,0x0000000023a10000)]
  0x000000001d7b3000 JavaThread "jar transforms Thread 215" [_thread_blocked, id=19136, stack(0x0000000023810000,0x0000000023910000)]
  0x000000001d7b9800 JavaThread "jar transforms Thread 214" [_thread_blocked, id=13028, stack(0x0000000023710000,0x0000000023810000)]
  0x000000001d7b9000 JavaThread "jar transforms Thread 213" [_thread_blocked, id=7548, stack(0x0000000023610000,0x0000000023710000)]
  0x000000001d7b8000 JavaThread "jar transforms Thread 212" [_thread_blocked, id=2584, stack(0x0000000023510000,0x0000000023610000)]
  0x000000001d7b0800 JavaThread "jar transforms Thread 211" [_thread_blocked, id=14784, stack(0x0000000023410000,0x0000000023510000)]
  0x000000001d7b2000 JavaThread "jar transforms Thread 210" [_thread_blocked, id=8016, stack(0x0000000023310000,0x0000000023410000)]
  0x000000001d7b3800 JavaThread "jar transforms Thread 209" [_thread_blocked, id=10204, stack(0x0000000023210000,0x0000000023310000)]
  0x000000001d7b7800 JavaThread "jar transforms Thread 208" [_thread_blocked, id=3420, stack(0x0000000023110000,0x0000000023210000)]
  0x000000001d7b6800 JavaThread "jar transforms Thread 207" [_thread_blocked, id=14992, stack(0x0000000023010000,0x0000000023110000)]
  0x000000001d7b6000 JavaThread "jar transforms Thread 206" [_thread_blocked, id=6196, stack(0x0000000022f10000,0x0000000023010000)]
  0x000000001e382000 JavaThread "jar transforms Thread 205" [_thread_blocked, id=17844, stack(0x0000000022e10000,0x0000000022f10000)]
  0x000000001e380800 JavaThread "jar transforms Thread 204" [_thread_blocked, id=1748, stack(0x0000000022d10000,0x0000000022e10000)]
  0x000000001e383800 JavaThread "jar transforms Thread 203" [_thread_blocked, id=15200, stack(0x0000000022c10000,0x0000000022d10000)]
  0x000000001e381000 JavaThread "jar transforms Thread 202" [_thread_blocked, id=17404, stack(0x0000000022b10000,0x0000000022c10000)]
  0x000000001e383000 JavaThread "jar transforms Thread 201" [_thread_blocked, id=19120, stack(0x0000000022a10000,0x0000000022b10000)]
  0x000000001e385000 JavaThread "jar transforms Thread 200" [_thread_blocked, id=18596, stack(0x0000000022910000,0x0000000022a10000)]
  0x000000001e379000 JavaThread "jar transforms Thread 199" [_thread_blocked, id=4596, stack(0x0000000022810000,0x0000000022910000)]
  0x000000001e37f000 JavaThread "jar transforms Thread 198" [_thread_blocked, id=18448, stack(0x0000000022710000,0x0000000022810000)]
  0x000000001e37e000 JavaThread "jar transforms Thread 197" [_thread_blocked, id=18176, stack(0x0000000022610000,0x0000000022710000)]
  0x000000001e376800 JavaThread "jar transforms Thread 196" [_thread_blocked, id=14216, stack(0x0000000022510000,0x0000000022610000)]
  0x000000001e377800 JavaThread "jar transforms Thread 195" [_thread_blocked, id=15760, stack(0x0000000022410000,0x0000000022510000)]
  0x000000001e378000 JavaThread "jar transforms Thread 194" [_thread_blocked, id=364, stack(0x0000000022310000,0x0000000022410000)]
  0x000000001e37d800 JavaThread "jar transforms Thread 193" [_thread_blocked, id=10684, stack(0x0000000022210000,0x0000000022310000)]
  0x000000001e376000 JavaThread "jar transforms Thread 192" [_thread_blocked, id=2296, stack(0x0000000022110000,0x0000000022210000)]
  0x000000001e37b000 JavaThread "jar transforms Thread 191" [_thread_blocked, id=7356, stack(0x0000000022010000,0x0000000022110000)]
  0x000000001e37a800 JavaThread "jar transforms Thread 190" [_thread_blocked, id=7324, stack(0x0000000021f10000,0x0000000022010000)]
  0x000000001e379800 JavaThread "jar transforms Thread 189" [_thread_blocked, id=10024, stack(0x0000000021e10000,0x0000000021f10000)]
  0x0000000020678800 JavaThread "jar transforms Thread 188" [_thread_blocked, id=6976, stack(0x0000000021d10000,0x0000000021e10000)]
  0x0000000020677000 JavaThread "jar transforms Thread 187" [_thread_blocked, id=16312, stack(0x0000000021c10000,0x0000000021d10000)]
  0x000000002067c800 JavaThread "jar transforms Thread 186" [_thread_blocked, id=13084, stack(0x0000000021b10000,0x0000000021c10000)]
  0x000000002067a000 JavaThread "jar transforms Thread 185" [_thread_blocked, id=17432, stack(0x0000000021a10000,0x0000000021b10000)]
  0x000000002066f800 JavaThread "Daemon worker Thread 3" [_thread_blocked, id=18424, stack(0x000000001c200000,0x000000001c300000)]
  0x0000000020673800 JavaThread "Daemon Thread 3" [_thread_blocked, id=10080, stack(0x0000000001220000,0x0000000001320000)]
  0x000000001e37c800 JavaThread "Memory manager" [_thread_blocked, id=16876, stack(0x0000000029e80000,0x0000000029f80000)]
  0x000000001d7b0000 JavaThread "Cache worker for file content cache (C:\Users\Huynh Tan Viet\.gradle\caches\6.5\fileContent)" [_thread_blocked, id=11492, stack(0x0000000020140000,0x0000000020240000)]
  0x000000001a2a2000 JavaThread "Cache worker for execution history cache (C:\Users\Huynh Tan Viet\.gradle\caches\6.5\executionHistory)" [_thread_blocked, id=8300, stack(0x000000001f940000,0x000000001fa40000)]
  0x000000001a2a3800 JavaThread "Cache worker for file hash cache (C:\Users\Huynh Tan Viet\.gradle\caches\6.5\fileHashes)" [_thread_blocked, id=19332, stack(0x000000001ddd0000,0x000000001ded0000)]
  0x000000001a2a4000 JavaThread "File lock request listener" [_thread_in_native, id=11776, stack(0x000000001dcd0000,0x000000001ddd0000)]
  0x000000001a2a5000 JavaThread "Cache worker for journal cache (C:\Users\Huynh Tan Viet\.gradle\caches\journal-1)" [_thread_blocked, id=19212, stack(0x000000001dbd0000,0x000000001dcd0000)]
  0x00000000197ce000 JavaThread "Daemon periodic checks" [_thread_blocked, id=18956, stack(0x000000001bf00000,0x000000001c000000)]
  0x0000000019b45000 JavaThread "Incoming local TCP Connector on port 49822" [_thread_in_native, id=9416, stack(0x000000001bcc0000,0x000000001bdc0000)]
  0x000000001986b800 JavaThread "Daemon health stats" [_thread_blocked, id=15116, stack(0x000000001b680000,0x000000001b780000)]
  0x0000000017da6000 JavaThread "Service Thread" daemon [_thread_blocked, id=15220, stack(0x00000000196b0000,0x00000000197b0000)]
  0x0000000017d66000 JavaThread "C1 CompilerThread2" daemon [_thread_blocked, id=7252, stack(0x00000000195b0000,0x00000000196b0000)]
=>0x0000000017d62000 JavaThread "C2 CompilerThread1" daemon [_thread_in_native, id=9772, stack(0x00000000194b0000,0x00000000195b0000)]
  0x0000000017d5e800 JavaThread "C2 CompilerThread0" daemon [_thread_blocked, id=11840, stack(0x00000000193b0000,0x00000000194b0000)]
  0x0000000017d58000 JavaThread "Attach Listener" daemon [_thread_blocked, id=10596, stack(0x00000000192b0000,0x00000000193b0000)]
  0x0000000017d55000 JavaThread "Signal Dispatcher" daemon [_thread_blocked, id=13896, stack(0x00000000191b0000,0x00000000192b0000)]
  0x000000000312c800 JavaThread "Finalizer" daemon [_thread_blocked, id=4168, stack(0x0000000018fb0000,0x00000000190b0000)]
  0x0000000017d3a000 JavaThread "Reference Handler" daemon [_thread_blocked, id=16672, stack(0x0000000018eb0000,0x0000000018fb0000)]
  0x0000000003032800 JavaThread "main" [_thread_blocked, id=2504, stack(0x0000000002e50000,0x0000000002f50000)]

Other Threads:
  0x0000000017d16800 VMThread [stack: 0x0000000018db0000,0x0000000018eb0000] [id=5036]
  0x00000000197e0800 WatcherThread [stack: 0x0000000019bb0000,0x0000000019cb0000] [id=4404]

VM state:not at safepoint (normal execution)

VM Mutex/Monitor currently owned by a thread: None

heap address: 0x0000000080000000, size: 2048 MB, Compressed Oops mode: 32-bit
Narrow klass base: 0x0000000000000000, Narrow klass shift: 3
Compressed class space size: 1073741824 Address: 0x0000000100000000

Heap:
 PSYoungGen      total 303104K, used 281713K [0x00000000d5580000, 0x00000000ee280000, 0x0000000100000000)
  eden space 245760K, 96% used [0x00000000d5580000,0x00000000e3dfb350,0x00000000e4580000)
  from space 57344K, 76% used [0x00000000e4580000,0x00000000e7021290,0x00000000e7d80000)
  to   space 61952K, 0% used [0x00000000ea600000,0x00000000ea600000,0x00000000ee280000)
 ParOldGen       total 245760K, used 133879K [0x0000000080000000, 0x000000008f000000, 0x00000000d5580000)
  object space 245760K, 54% used [0x0000000080000000,0x00000000882bde30,0x000000008f000000)
 Metaspace       used 95201K, capacity 100312K, committed 100352K, reserved 1136640K
  class space    used 12618K, capacity 13550K, committed 13568K, reserved 1048576K

Card table byte_map: [0x00000000124f0000,0x0000000012900000] byte_map_base: 0x00000000120f0000

Marking Bits: (ParMarkBitMap*) 0x000000005e85af90
 Begin Bits: [0x0000000012fb0000, 0x0000000014fb0000)
 End Bits:   [0x0000000014fb0000, 0x0000000016fb0000)

Polling page: 0x0000000001590000

CodeCache: size=245760Kb used=56485Kb max_used=57007Kb free=189275Kb
 bounds [0x0000000003130000, 0x0000000006930000, 0x0000000012130000]
 total_blobs=17323 nmethods=16445 adapters=789
 compilation: enabled

Compilation events (10 events):
Event: 773.440 Thread 0x0000000017d5e800 20332       4       org.gradle.internal.component.model.LoggingAttributeMatchingExplanationBuilder::logging (19 bytes)
Event: 773.440 Thread 0x0000000017d66000 20330       3       org.gradle.internal.component.external.model.LazyVariantBackedConfigurationMetadata$RuleAwareVariant::getCapabilities (36 bytes)
Event: 773.440 Thread 0x0000000017d66000 nmethod 20330 0x0000000003677410 code [0x0000000003677580, 0x00000000036778d8]
Event: 773.441 Thread 0x0000000017d5e800 nmethod 20332 0x0000000003f58e50 code [0x0000000003f58fa0, 0x0000000003f59078]
Event: 773.447 Thread 0x0000000017d5e800 20333       4       org.gradle.internal.component.model.AttributeConfigurationSelector::filterVariantsByRequestedCapabilities (155 bytes)
Event: 773.474 Thread 0x0000000017d5e800 nmethod 20333 0x0000000003bc5f90 code [0x0000000003bc6160, 0x0000000003bc6dc8]
Event: 773.481 Thread 0x0000000017d5e800 20334       4       org.gradle.cache.internal.cacheops.CacheAccessOperationsStack::popCacheAction (44 bytes)
Event: 773.513 Thread 0x0000000017d5e800 nmethod 20334 0x0000000005e5ad50 code [0x0000000005e5af40, 0x0000000005e5bc68]
Event: 773.579 Thread 0x0000000017d66000 20335       3       org.gradle.api.internal.artifacts.dsl.DefaultComponentMetadataProcessor::processRule (50 bytes)
Event: 773.580 Thread 0x0000000017d66000 nmethod 20335 0x00000000054584d0 code [0x0000000005458680, 0x0000000005458a38]

GC Heap History (10 events):
Event: 725.720 GC heap before
{Heap before GC invocations=23 (full 3):
 PSYoungGen      total 244224K, used 244209K [0x00000000d5580000, 0x00000000e6180000, 0x0000000100000000)
  eden space 222208K, 100% used [0x00000000d5580000,0x00000000e2e80000,0x00000000e2e80000)
  from space 22016K, 99% used [0x00000000e3700000,0x00000000e4c7c440,0x00000000e4c80000)
  to   space 21504K, 0% used [0x00000000e4c80000,0x00000000e4c80000,0x00000000e6180000)
 ParOldGen       total 104960K, used 56445K [0x0000000080000000, 0x0000000086680000, 0x00000000d5580000)
  object space 104960K, 53% used [0x0000000080000000,0x000000008371f560,0x0000000086680000)
 Metaspace       used 85498K, capacity 89658K, committed 89728K, reserved 1126400K
  class space    used 11367K, capacity 12099K, committed 12160K, reserved 1048576K
Event: 725.774 GC heap after
Heap after GC invocations=23 (full 3):
 PSYoungGen      total 235520K, used 21472K [0x00000000d5580000, 0x00000000e7180000, 0x0000000100000000)
  eden space 214016K, 0% used [0x00000000d5580000,0x00000000d5580000,0x00000000e2680000)
  from space 21504K, 99% used [0x00000000e4c80000,0x00000000e61782b0,0x00000000e6180000)
  to   space 38400K, 0% used [0x00000000e2680000,0x00000000e2680000,0x00000000e4c00000)
 ParOldGen       total 104960K, used 83994K [0x0000000080000000, 0x0000000086680000, 0x00000000d5580000)
  object space 104960K, 80% used [0x0000000080000000,0x00000000852068e8,0x0000000086680000)
 Metaspace       used 85498K, capacity 89658K, committed 89728K, reserved 1126400K
  class space    used 11367K, capacity 12099K, committed 12160K, reserved 1048576K
}
Event: 731.329 GC heap before
{Heap before GC invocations=24 (full 3):
 PSYoungGen      total 235520K, used 235488K [0x00000000d5580000, 0x00000000e7180000, 0x0000000100000000)
  eden space 214016K, 100% used [0x00000000d5580000,0x00000000e2680000,0x00000000e2680000)
  from space 21504K, 99% used [0x00000000e4c80000,0x00000000e61782b0,0x00000000e6180000)
  to   space 38400K, 0% used [0x00000000e2680000,0x00000000e2680000,0x00000000e4c00000)
 ParOldGen       total 104960K, used 83994K [0x0000000080000000, 0x0000000086680000, 0x00000000d5580000)
  object space 104960K, 80% used [0x0000000080000000,0x00000000852068e8,0x0000000086680000)
 Metaspace       used 93032K, capacity 98152K, committed 98304K, reserved 1134592K
  class space    used 12576K, capacity 13518K, committed 13568K, reserved 1048576K
Event: 731.498 GC heap after
Heap after GC invocations=24 (full 3):
 PSYoungGen      total 252416K, used 38393K [0x00000000d5580000, 0x00000000eba00000, 0x0000000100000000)
  eden space 214016K, 0% used [0x00000000d5580000,0x00000000d5580000,0x00000000e2680000)
  from space 38400K, 99% used [0x00000000e2680000,0x00000000e4bfe778,0x00000000e4c00000)
  to   space 60928K, 0% used [0x00000000e7e80000,0x00000000e7e80000,0x00000000eba00000)
 ParOldGen       total 126976K, used 126957K [0x0000000080000000, 0x0000000087c00000, 0x00000000d5580000)
  object space 126976K, 99% used [0x0000000080000000,0x0000000087bfb570,0x0000000087c00000)
 Metaspace       used 93032K, capacity 98152K, committed 98304K, reserved 1134592K
  class space    used 12576K, capacity 13518K, committed 13568K, reserved 1048576K
}
Event: 731.498 GC heap before
{Heap before GC invocations=25 (full 4):
 PSYoungGen      total 252416K, used 38393K [0x00000000d5580000, 0x00000000eba00000, 0x0000000100000000)
  eden space 214016K, 0% used [0x00000000d5580000,0x00000000d5580000,0x00000000e2680000)
  from space 38400K, 99% used [0x00000000e2680000,0x00000000e4bfe778,0x00000000e4c00000)
  to   space 60928K, 0% used [0x00000000e7e80000,0x00000000e7e80000,0x00000000eba00000)
 ParOldGen       total 126976K, used 126957K [0x0000000080000000, 0x0000000087c00000, 0x00000000d5580000)
  object space 126976K, 99% used [0x0000000080000000,0x0000000087bfb570,0x0000000087c00000)
 Metaspace       used 93032K, capacity 98152K, committed 98304K, reserved 1134592K
  class space    used 12576K, capacity 13518K, committed 13568K, reserved 1048576K
Event: 732.441 GC heap after
Heap after GC invocations=25 (full 4):
 PSYoungGen      total 252416K, used 9713K [0x00000000d5580000, 0x00000000eba00000, 0x0000000100000000)
  eden space 214016K, 0% used [0x00000000d5580000,0x00000000d5580000,0x00000000e2680000)
  from space 38400K, 25% used [0x00000000e2680000,0x00000000e2ffc7f8,0x00000000e4c00000)
  to   space 60928K, 0% used [0x00000000e7e80000,0x00000000e7e80000,0x00000000eba00000)
 ParOldGen       total 245760K, used 126833K [0x0000000080000000, 0x000000008f000000, 0x00000000d5580000)
  object space 245760K, 51% used [0x0000000080000000,0x0000000087bdc4f0,0x000000008f000000)
 Metaspace       used 92900K, capacity 97780K, committed 98304K, reserved 1134592K
  class space    used 12532K, capacity 13442K, committed 13568K, reserved 1048576K
}
Event: 749.623 GC heap before
{Heap before GC invocations=26 (full 4):
 PSYoungGen      total 252416K, used 223729K [0x00000000d5580000, 0x00000000eba00000, 0x0000000100000000)
  eden space 214016K, 100% used [0x00000000d5580000,0x00000000e2680000,0x00000000e2680000)
  from space 38400K, 25% used [0x00000000e2680000,0x00000000e2ffc7f8,0x00000000e4c00000)
  to   space 60928K, 0% used [0x00000000e7e80000,0x00000000e7e80000,0x00000000eba00000)
 ParOldGen       total 245760K, used 126833K [0x0000000080000000, 0x000000008f000000, 0x00000000d5580000)
  object space 245760K, 51% used [0x0000000080000000,0x0000000087bdc4f0,0x000000008f000000)
 Metaspace       used 93455K, capacity 98434K, committed 98560K, reserved 1134592K
  class space    used 12566K, capacity 13495K, committed 13568K, reserved 1048576K
Event: 749.729 GC heap after
Heap after GC invocations=26 (full 4):
 PSYoungGen      total 302080K, used 18457K [0x00000000d5580000, 0x00000000eb580000, 0x0000000100000000)
  eden space 245760K, 0% used [0x00000000d5580000,0x00000000d5580000,0x00000000e4580000)
  from space 56320K, 32% used [0x00000000e7e80000,0x00000000e90867b0,0x00000000eb580000)
  to   space 57344K, 0% used [0x00000000e4580000,0x00000000e4580000,0x00000000e7d80000)
 ParOldGen       total 245760K, used 133871K [0x0000000080000000, 0x000000008f000000, 0x00000000d5580000)
  object space 245760K, 54% used [0x0000000080000000,0x00000000882bbe30,0x000000008f000000)
 Metaspace       used 93455K, capacity 98434K, committed 98560K, reserved 1134592K
  class space    used 12566K, capacity 13495K, committed 13568K, reserved 1048576K
}
Event: 755.978 GC heap before
{Heap before GC invocations=27 (full 4):
 PSYoungGen      total 302080K, used 264217K [0x00000000d5580000, 0x00000000eb580000, 0x0000000100000000)
  eden space 245760K, 100% used [0x00000000d5580000,0x00000000e4580000,0x00000000e4580000)
  from space 56320K, 32% used [0x00000000e7e80000,0x00000000e90867b0,0x00000000eb580000)
  to   space 57344K, 0% used [0x00000000e4580000,0x00000000e4580000,0x00000000e7d80000)
 ParOldGen       total 245760K, used 133871K [0x0000000080000000, 0x000000008f000000, 0x00000000d5580000)
  object space 245760K, 54% used [0x0000000080000000,0x00000000882bbe30,0x000000008f000000)
 Metaspace       used 95039K, capacity 100130K, committed 100352K, reserved 1136640K
  class space    used 12613K, capacity 13541K, committed 13568K, reserved 1048576K
Event: 756.054 GC heap after
Heap after GC invocations=27 (full 4):
 PSYoungGen      total 303104K, used 43652K [0x00000000d5580000, 0x00000000ee280000, 0x0000000100000000)
  eden space 245760K, 0% used [0x00000000d5580000,0x00000000d5580000,0x00000000e4580000)
  from space 57344K, 76% used [0x00000000e4580000,0x00000000e7021290,0x00000000e7d80000)
  to   space 61952K, 0% used [0x00000000ea600000,0x00000000ea600000,0x00000000ee280000)
 ParOldGen       total 245760K, used 133879K [0x0000000080000000, 0x000000008f000000, 0x00000000d5580000)
  object space 245760K, 54% used [0x0000000080000000,0x00000000882bde30,0x000000008f000000)
 Metaspace       used 95039K, capacity 100130K, committed 100352K, reserved 1136640K
  class space    used 12613K, capacity 13541K, committed 13568K, reserved 1048576K
}

Deoptimization events (10 events):
Event: 754.206 Thread 0x000000001d8cb000 Uncommon trap: reason=array_check action=maybe_recompile pc=0x000000000602b40c method=java.util.TimSort.reverseRange([Ljava/lang/Object;II)V @ 20
Event: 754.390 Thread 0x000000001d8cb000 Uncommon trap: reason=unstable_if action=reinterpret pc=0x0000000005e140f4 method=com.android.tools.r8.t.a.a.a.h.N.a(Ljava/lang/Object;I)I @ 132
Event: 755.712 Thread 0x0000000020f3a800 Uncommon trap: reason=unstable_if action=reinterpret pc=0x0000000005440b54 method=org.gradle.internal.execution.history.changes.SummarizingChangeContainer.accept(Lorg/gradle/internal/execution/history/changes/ChangeVisitor;)Z @ 47
Event: 756.407 Thread 0x000000001d8cb800 Uncommon trap: reason=null_check action=make_not_entrant pc=0x0000000006812274 method=com.android.tools.r8.q.a.b.h.b(Ljava/lang/Object;)V @ 71
Event: 756.782 Thread 0x000000001d8cb800 Uncommon trap: reason=array_check action=maybe_recompile pc=0x00000000067a4f50 method=java.util.TimSort.reverseRange([Ljava/lang/Object;II)V @ 27
Event: 756.782 Thread 0x000000001d8cb800 Uncommon trap: reason=array_check action=maybe_recompile pc=0x00000000067a4f50 method=java.util.TimSort.reverseRange([Ljava/lang/Object;II)V @ 27
Event: 758.439 Thread 0x0000000020f3d800 Uncommon trap: reason=unstable_if action=reinterpret pc=0x00000000044fafb0 method=com.google.protobuf.CodedOutputStream$ArrayEncoder.writeUInt32NoTag(I)V @ 83
Event: 773.099 Thread 0x000000002066f800 Uncommon trap: reason=class_check action=maybe_recompile pc=0x0000000005ab7a18 method=com.google.common.collect.ImmutableMultimap$Builder.put(Ljava/lang/Object;Ljava/lang/Object;)Lcom/google/common/collect/ImmutableMultimap$Builder; @ 29
Event: 773.304 Thread 0x000000002066f800 Uncommon trap: reason=class_check action=maybe_recompile pc=0x00000000053b86e0 method=java.util.Spliterators$ArraySpliterator.tryAdvance(Ljava/util/function/Consumer;)Z @ 49
Event: 773.339 Thread 0x000000002066f800 Uncommon trap: reason=class_check action=maybe_recompile pc=0x00000000053b86e0 method=java.util.Spliterators$ArraySpliterator.tryAdvance(Ljava/util/function/Consumer;)Z @ 49

Classes redefined (0 events):
No events

Internal exceptions (10 events):
Event: 754.671 Thread 0x000000001d8cb000 Exception <a 'sun/nio/fs/WindowsException'> (0x00000000df6ca058) thrown at [C:\jenkins\workspace\8-2-build-windows-amd64-cygwin\jdk8u251\737\hotspot\src\share\vm\prims\jni.cpp, line 710]
Event: 754.672 Thread 0x000000001d8cb000 Exception <a 'sun/nio/fs/WindowsException'> (0x00000000df6d16f0) thrown at [C:\jenkins\workspace\8-2-build-windows-amd64-cygwin\jdk8u251\737\hotspot\src\share\vm\prims\jni.cpp, line 710]
Event: 754.674 Thread 0x000000001d8cb000 Exception <a 'sun/nio/fs/WindowsException'> (0x00000000df75a720) thrown at [C:\jenkins\workspace\8-2-build-windows-amd64-cygwin\jdk8u251\737\hotspot\src\share\vm\prims\jni.cpp, line 710]
Event: 754.676 Thread 0x000000001d8cb000 Exception <a 'sun/nio/fs/WindowsException'> (0x00000000df764b10) thrown at [C:\jenkins\workspace\8-2-build-windows-amd64-cygwin\jdk8u251\737\hotspot\src\share\vm\prims\jni.cpp, line 710]
Event: 754.679 Thread 0x000000001d8cb000 Exception <a 'sun/nio/fs/WindowsException'> (0x00000000df7b3b30) thrown at [C:\jenkins\workspace\8-2-build-windows-amd64-cygwin\jdk8u251\737\hotspot\src\share\vm\prims\jni.cpp, line 710]
Event: 754.680 Thread 0x000000001d8cb000 Exception <a 'sun/nio/fs/WindowsException'> (0x00000000df83a910) thrown at [C:\jenkins\workspace\8-2-build-windows-amd64-cygwin\jdk8u251\737\hotspot\src\share\vm\prims\jni.cpp, line 710]
Event: 755.772 Thread 0x000000001d8cb800 Exception <a 'sun/nio/fs/WindowsException'> (0x00000000e14fcae0) thrown at [C:\jenkins\workspace\8-2-build-windows-amd64-cygwin\jdk8u251\737\hotspot\src\share\vm\prims\jni.cpp, line 710]
Event: 757.765 Thread 0x000000001d8d0000 Exception <a 'sun/nio/fs/WindowsException'> (0x00000000e1070cb0) thrown at [C:\jenkins\workspace\8-2-build-windows-amd64-cygwin\jdk8u251\737\hotspot\src\share\vm\prims\jni.cpp, line 710]
Event: 773.249 Thread 0x000000002066f800 Exception <a 'sun/nio/fs/WindowsException'> (0x00000000e334bfc8) thrown at [C:\jenkins\workspace\8-2-build-windows-amd64-cygwin\jdk8u251\737\hotspot\src\share\vm\prims\jni.cpp, line 710]
Event: 773.313 Thread 0x000000002066f800 Exception <a 'sun/nio/fs/WindowsException'> (0x00000000e37b1168) thrown at [C:\jenkins\workspace\8-2-build-windows-amd64-cygwin\jdk8u251\737\hotspot\src\share\vm\prims\jni.cpp, line 710]

Events (10 events):
Event: 773.441 Thread 0x0000000017d66000 flushing nmethod 0x0000000005fd9790
Event: 773.442 Thread 0x0000000017d66000 flushing nmethod 0x00000000062a9850
Event: 773.443 Thread 0x0000000017d66000 flushing nmethod 0x00000000062be690
Event: 773.443 Thread 0x0000000017d66000 flushing nmethod 0x000000000635aad0
Event: 773.474 Thread 0x0000000017d5e800 flushing nmethod 0x0000000006375b10
Event: 773.474 Thread 0x0000000017d5e800 flushing nmethod 0x0000000006375fd0
Event: 773.474 Thread 0x0000000017d5e800 flushing nmethod 0x000000000637c150
Event: 773.474 Thread 0x0000000017d5e800 flushing nmethod 0x000000000639ab90
Event: 773.475 Thread 0x0000000017d5e800 flushing nmethod 0x00000000063b2890
Event: 773.475 Thread 0x0000000017d5e800 flushing nmethod 0x00000000063fa490


Dynamic libraries:
0x00007ff794c80000 - 0x00007ff794cb7000 	C:\Program Files\Java\jdk1.8.0_251\bin\java.exe
0x00007fff8b4b0000 - 0x00007fff8b6a5000 	C:\WINDOWS\SYSTEM32\ntdll.dll
0x00007fff899b0000 - 0x00007fff89a6d000 	C:\WINDOWS\System32\KERNEL32.DLL
0x00007fff89030000 - 0x00007fff892f8000 	C:\WINDOWS\System32\KERNELBASE.dll
0x00007fff8ad40000 - 0x00007fff8adec000 	C:\WINDOWS\System32\ADVAPI32.dll
0x00007fff89a70000 - 0x00007fff89b0e000 	C:\WINDOWS\System32\msvcrt.dll
0x00007fff8a410000 - 0x00007fff8a4ab000 	C:\WINDOWS\System32\sechost.dll
0x00007fff8b160000 - 0x00007fff8b28b000 	C:\WINDOWS\System32\RPCRT4.dll
0x00007fff89b20000 - 0x00007fff89cc0000 	C:\WINDOWS\System32\USER32.dll
0x00007fff894e0000 - 0x00007fff89502000 	C:\WINDOWS\System32\win32u.dll
0x00007fff89980000 - 0x00007fff899aa000 	C:\WINDOWS\System32\GDI32.dll
0x00007fff88f20000 - 0x00007fff8902b000 	C:\WINDOWS\System32\gdi32full.dll
0x00007fff88bf0000 - 0x00007fff88c8d000 	C:\WINDOWS\System32\msvcp_win.dll
0x00007fff88c90000 - 0x00007fff88d90000 	C:\WINDOWS\System32\ucrtbase.dll
0x00007fff79620000 - 0x00007fff798ba000 	C:\WINDOWS\WinSxS\amd64_microsoft.windows.common-controls_6595b64144ccf1df_6.0.19041.844_none_ca00b6081b84eb1d\COMCTL32.dll
0x00007fff8acb0000 - 0x00007fff8ace0000 	C:\WINDOWS\System32\IMM32.DLL
0x0000000064720000 - 0x00000000647f2000 	C:\Program Files\Java\jdk1.8.0_251\jre\bin\msvcr100.dll
0x000000005e030000 - 0x000000005e8db000 	C:\Program Files\Java\jdk1.8.0_251\jre\bin\server\jvm.dll
0x00007fff8abc0000 - 0x00007fff8abc8000 	C:\WINDOWS\System32\PSAPI.DLL
0x00007fff80b10000 - 0x00007fff80b37000 	C:\WINDOWS\SYSTEM32\WINMM.dll
0x00007fff819b0000 - 0x00007fff819ba000 	C:\WINDOWS\SYSTEM32\VERSION.dll
0x00007fff7a0b0000 - 0x00007fff7a0b9000 	C:\WINDOWS\SYSTEM32\WSOCK32.dll
0x00007fff8aa00000 - 0x00007fff8aa6b000 	C:\WINDOWS\System32\WS2_32.dll
0x00007fff827c0000 - 0x00007fff827cf000 	C:\Program Files\Java\jdk1.8.0_251\jre\bin\verify.dll
0x00007fff78c80000 - 0x00007fff78ca9000 	C:\Program Files\Java\jdk1.8.0_251\jre\bin\java.dll
0x00007fff78be0000 - 0x00007fff78bf6000 	C:\Program Files\Java\jdk1.8.0_251\jre\bin\zip.dll
0x00007fff89cc0000 - 0x00007fff8a402000 	C:\WINDOWS\System32\SHELL32.dll
0x00007fff86b10000 - 0x00007fff872a0000 	C:\WINDOWS\SYSTEM32\windows.storage.dll
0x00007fff89570000 - 0x00007fff898c5000 	C:\WINDOWS\System32\combase.dll
0x00007fff88590000 - 0x00007fff885bc000 	C:\WINDOWS\SYSTEM32\Wldp.dll
0x00007fff898d0000 - 0x00007fff8997e000 	C:\WINDOWS\System32\SHCORE.dll
0x00007fff89510000 - 0x00007fff89565000 	C:\WINDOWS\System32\shlwapi.dll
0x00007fff88b30000 - 0x00007fff88b4f000 	C:\WINDOWS\SYSTEM32\profapi.dll
0x00007fff78bc0000 - 0x00007fff78bda000 	C:\Program Files\Java\jdk1.8.0_251\jre\bin\net.dll
0x00007fff88300000 - 0x00007fff8836a000 	C:\WINDOWS\system32\mswsock.dll
0x00007fff78ba0000 - 0x00007fff78bb2000 	C:\Program Files\Java\jdk1.8.0_251\jre\bin\nio.dll
0x00007fff78d80000 - 0x00007fff78da7000 	C:\Users\Huynh Tan Viet\.gradle\native\f6784746aeab05261644944871eae4fe03e0ef1612fff0a4a95f87b438bc6780\windows-amd64\native-platform.dll
0x00007fff827b0000 - 0x00007fff827bd000 	C:\Program Files\Java\jdk1.8.0_251\jre\bin\management.dll
0x00007fff884e0000 - 0x00007fff884f8000 	C:\WINDOWS\SYSTEM32\CRYPTSP.dll
0x00007fff87ca0000 - 0x00007fff87cd4000 	C:\WINDOWS\system32\rsaenh.dll
0x00007fff88de0000 - 0x00007fff88e07000 	C:\WINDOWS\System32\bcrypt.dll
0x00007fff88af0000 - 0x00007fff88b1e000 	C:\WINDOWS\SYSTEM32\USERENV.dll
0x00007fff89460000 - 0x00007fff894e0000 	C:\WINDOWS\System32\bcryptprimitives.dll
0x00007fff884d0000 - 0x00007fff884dc000 	C:\WINDOWS\SYSTEM32\CRYPTBASE.dll
0x00007fff87ff0000 - 0x00007fff8802b000 	C:\WINDOWS\SYSTEM32\IPHLPAPI.DLL
0x00007fff8a4b0000 - 0x00007fff8a4b8000 	C:\WINDOWS\System32\NSI.dll
0x00007fff818c0000 - 0x00007fff818d7000 	C:\WINDOWS\SYSTEM32\dhcpcsvc6.DLL
0x00007fff82230000 - 0x00007fff8224d000 	C:\WINDOWS\SYSTEM32\dhcpcsvc.DLL
0x00007fff88080000 - 0x00007fff8814c000 	C:\WINDOWS\SYSTEM32\DNSAPI.dll
0x00007fff82420000 - 0x00007fff8242b000 	C:\WINDOWS\SYSTEM32\WINNSI.DLL

VM Arguments:
jvm_args: -Xmx2048m -Dfile.encoding=UTF-8 -Duser.country=US -Duser.language=en -Duser.variant 
java_command: org.gradle.launcher.daemon.bootstrap.GradleDaemon 6.5
java_class_path (initial): C:\Users\Huynh Tan Viet\.gradle\wrapper\dists\gradle-6.5-bin\6nifqtx7604sqp1q6g8wikw7p\gradle-6.5\lib\gradle-launcher-6.5.jar
Launcher Type: SUN_STANDARD

Environment Variables:
JAVA_HOME=C:\Program Files\Java\jdk1.8.0_251
USERNAME=Huynh Tan Viet
OS=Windows_NT
PROCESSOR_IDENTIFIER=Intel64 Family 6 Model 61 Stepping 4, GenuineIntel



---------------  S Y S T E M  ---------------

OS: Windows 10.0 , 64 bit Build 19041 (10.0.19041.928)

CPU:total 4 (initial active 4) (2 cores per cpu, 2 threads per core) family 6 model 61 stepping 4, cmov, cx8, fxsr, mmx, sse, sse2, sse3, ssse3, sse4.1, sse4.2, popcnt, avx, avx2, aes, clmul, erms, 3dnowpref, lzcnt, ht, tsc, tscinvbit, bmi1, bmi2, adx

Memory: 4k page, physical 8296264k(639172k free), swap 12490568k(5724k free)

vm_info: Java HotSpot(TM) 64-Bit Server VM (25.251-b08) for windows-amd64 JRE (1.8.0_251-b08), built on Mar 12 2020 06:31:49 by "" with MS VC++ 10.0 (VS2010)

time: Thu May 20 20:53:52 2021
timezone: SE Asia Standard Time
elapsed time: 773 seconds (0d 0h 12m 53s)

