#
# There is insufficient memory for the Java Runtime Environment to continue.
# Native memory allocation (malloc) failed to allocate 1895504 bytes for Chunk::new
# Possible reasons:
#   The system is out of physical RAM or swap space
#   The process is running with CompressedOops enabled, and the Java Heap may be blocking the growth of the native heap
# Possible solutions:
#   Reduce memory load on the system
#   Increase physical memory or swap space
#   Check if swap backing store is full
#   Decrease Java heap size (-Xmx/-Xms)
#   Decrease number of Java threads
#   Decrease Java thread stack sizes (-Xss)
#   Set larger code cache with -XX:ReservedCodeCacheSize=
#   JVM is running with Unscaled Compressed Oops mode in which the Java heap is
#     placed in the first 4GB address space. The Java Heap base address is the
#     maximum limit for the native heap growth. Please use -XX:HeapBaseMinAddress
#     to set the Java Heap base and to place the Java Heap above 4GB virtual address.
# This output file may be truncated or incomplete.
#
#  Out of Memory Error (allocation.cpp:389), pid=8500, tid=0x0000000000003938
#
# JRE version: Java(TM) SE Runtime Environment (8.0_251-b08) (build 1.8.0_251-b08)
# Java VM: Java HotSpot(TM) 64-Bit Server VM (25.251-b08 mixed mode windows-amd64 compressed oops)
# Failed to write core dump. Minidumps are not enabled by default on client versions of Windows
#

---------------  T H R E A D  ---------------

Current thread (0x0000000017d77000):  JavaThread "C2 CompilerThread1" daemon [_thread_in_native, id=14648, stack(0x0000000019880000,0x0000000019980000)]

Stack: [0x0000000019880000,0x0000000019980000]
[error occurred during error reporting (printing stack bounds), id 0xc0000005]

Native frames: (J=compiled Java code, j=interpreted, Vv=VM code, C=native code)


Current CompileTask:
C2:  47068 8529 %     4       com.android.tools.r8.z.a.a.f::a @ 2576 (6058 bytes)


---------------  P R O C E S S  ---------------

Java Threads: ( => current thread )
  0x000000001ed2c800 JavaThread "WorkerExecutor Queue" [_thread_blocked, id=18728, stack(0x000000002ab40000,0x000000002ac40000)]
  0x000000001c140800 JavaThread "Cache worker for execution history cache (D:\CuoiKy\.gradle\6.5\executionHistory)" [_thread_blocked, id=19380, stack(0x000000002a540000,0x000000002a640000)]
  0x000000001c140000 JavaThread "Execution worker for ':' Thread 3" [_thread_blocked, id=15308, stack(0x0000000029ee0000,0x0000000029fe0000)]
  0x000000001c13f000 JavaThread "Execution worker for ':' Thread 2" [_thread_blocked, id=18912, stack(0x0000000028be0000,0x0000000028ce0000)]
  0x000000001c13d800 JavaThread "Execution worker for ':'" [_thread_blocked, id=15860, stack(0x0000000001380000,0x0000000001480000)]
  0x000000001c13d000 JavaThread "Cache worker for file content cache (D:\CuoiKy\.gradle\6.5\fileContent)" [_thread_blocked, id=7460, stack(0x000000002a040000,0x000000002a140000)]
  0x000000001c141800 JavaThread "Memory manager" [_thread_blocked, id=11340, stack(0x0000000028dd0000,0x0000000028ed0000)]
  0x000000001c13c000 JavaThread "pool-1-thread-1" [_thread_blocked, id=17004, stack(0x0000000027ce0000,0x0000000027de0000)]
  0x000000001c13b800 JavaThread "Cache worker for Build Output Cleanup Cache (D:\CuoiKy\.gradle\buildOutputCleanup)" [_thread_blocked, id=10784, stack(0x00000000279e0000,0x0000000027ae0000)]
  0x000000001c13e800 JavaThread "jar transforms Thread 92" [_thread_blocked, id=15756, stack(0x00000000276e0000,0x00000000277e0000)]
  0x000000001c137800 JavaThread "jar transforms Thread 91" [_thread_blocked, id=17496, stack(0x00000000275e0000,0x00000000276e0000)]
  0x000000001c136000 JavaThread "jar transforms Thread 90" [_thread_blocked, id=1428, stack(0x00000000274e0000,0x00000000275e0000)]
  0x000000001c134000 JavaThread "jar transforms Thread 89" [_thread_blocked, id=18204, stack(0x00000000273e0000,0x00000000274e0000)]
  0x000000001c13a000 JavaThread "jar transforms Thread 88" [_thread_blocked, id=1564, stack(0x00000000272e0000,0x00000000273e0000)]
  0x000000001c13a800 JavaThread "jar transforms Thread 87" [_thread_blocked, id=9788, stack(0x00000000271e0000,0x00000000272e0000)]
  0x000000001c135800 JavaThread "jar transforms Thread 86" [_thread_blocked, id=13092, stack(0x00000000270e0000,0x00000000271e0000)]
  0x000000001c134800 JavaThread "jar transforms Thread 85" [_thread_blocked, id=5012, stack(0x0000000026fe0000,0x00000000270e0000)]
  0x000000001c132800 JavaThread "jar transforms Thread 84" [_thread_blocked, id=18248, stack(0x0000000026ee0000,0x0000000026fe0000)]
  0x000000001c139000 JavaThread "jar transforms Thread 83" [_thread_blocked, id=15696, stack(0x0000000026de0000,0x0000000026ee0000)]
  0x000000001c138800 JavaThread "jar transforms Thread 82" [_thread_blocked, id=9140, stack(0x0000000026ce0000,0x0000000026de0000)]
  0x000000001c133000 JavaThread "jar transforms Thread 81" [_thread_blocked, id=13156, stack(0x0000000026be0000,0x0000000026ce0000)]
  0x000000001c137000 JavaThread "jar transforms Thread 80" [_thread_blocked, id=13728, stack(0x0000000026ae0000,0x0000000026be0000)]
  0x000000001f68e000 JavaThread "jar transforms Thread 79" [_thread_blocked, id=16020, stack(0x00000000269e0000,0x0000000026ae0000)]
  0x000000001f68c800 JavaThread "jar transforms Thread 78" [_thread_blocked, id=14244, stack(0x00000000268e0000,0x00000000269e0000)]
  0x000000001f68b800 JavaThread "jar transforms Thread 77" [_thread_blocked, id=10680, stack(0x00000000267e0000,0x00000000268e0000)]
  0x000000001f68d000 JavaThread "jar transforms Thread 76" [_thread_blocked, id=16168, stack(0x00000000266e0000,0x00000000267e0000)]
  0x000000001f684000 JavaThread "jar transforms Thread 75" [_thread_blocked, id=15780, stack(0x00000000265e0000,0x00000000266e0000)]
  0x000000001f68b000 JavaThread "jar transforms Thread 74" [_thread_blocked, id=17472, stack(0x00000000264e0000,0x00000000265e0000)]
  0x000000001f68a000 JavaThread "jar transforms Thread 73" [_thread_blocked, id=19020, stack(0x00000000263e0000,0x00000000264e0000)]
  0x000000001f689800 JavaThread "jar transforms Thread 72" [_thread_blocked, id=5680, stack(0x00000000262e0000,0x00000000263e0000)]
  0x000000001f683800 JavaThread "jar transforms Thread 71" [_thread_blocked, id=2676, stack(0x00000000261e0000,0x00000000262e0000)]
  0x000000001f682000 JavaThread "jar transforms Thread 70" [_thread_blocked, id=3076, stack(0x00000000260e0000,0x00000000261e0000)]
  0x000000001f688800 JavaThread "jar transforms Thread 69" [_thread_blocked, id=444, stack(0x0000000025fe0000,0x00000000260e0000)]
  0x000000001f688000 JavaThread "jar transforms Thread 68" [_thread_blocked, id=11664, stack(0x0000000025ee0000,0x0000000025fe0000)]
  0x000000001f687000 JavaThread "jar transforms Thread 67" [_thread_blocked, id=16276, stack(0x0000000025de0000,0x0000000025ee0000)]
  0x000000001f686800 JavaThread "jar transforms Thread 66" [_thread_blocked, id=18268, stack(0x0000000025ce0000,0x0000000025de0000)]
  0x000000001f67f800 JavaThread "jar transforms Thread 65" [_thread_blocked, id=14344, stack(0x0000000025be0000,0x0000000025ce0000)]
  0x000000001f67f000 JavaThread "jar transforms Thread 64" [_thread_blocked, id=17212, stack(0x0000000025ae0000,0x0000000025be0000)]
  0x000000001f680800 JavaThread "jar transforms Thread 63" [_thread_blocked, id=10020, stack(0x00000000259e0000,0x0000000025ae0000)]
  0x000000001f682800 JavaThread "jar transforms Thread 62" [_thread_blocked, id=9876, stack(0x00000000258e0000,0x00000000259e0000)]
  0x000000001f685000 JavaThread "jar transforms Thread 61" [_thread_blocked, id=15392, stack(0x00000000257e0000,0x00000000258e0000)]
  0x000000001f685800 JavaThread "jar transforms Thread 60" [_thread_blocked, id=14272, stack(0x00000000256e0000,0x00000000257e0000)]
  0x000000001f681000 JavaThread "jar transforms Thread 59" [_thread_blocked, id=18704, stack(0x00000000255e0000,0x00000000256e0000)]
  0x000000001bbdf800 JavaThread "jar transforms Thread 58" [_thread_blocked, id=19132, stack(0x00000000254e0000,0x00000000255e0000)]
  0x000000001bbdf000 JavaThread "jar transforms Thread 57" [_thread_blocked, id=2632, stack(0x00000000253e0000,0x00000000254e0000)]
  0x000000001bbdc800 JavaThread "jar transforms Thread 56" [_thread_blocked, id=16780, stack(0x00000000252e0000,0x00000000253e0000)]
  0x000000001bbde000 JavaThread "jar transforms Thread 55" [_thread_blocked, id=12920, stack(0x00000000251e0000,0x00000000252e0000)]
  0x000000001bbdd800 JavaThread "jar transforms Thread 54" [_thread_blocked, id=5776, stack(0x00000000250e0000,0x00000000251e0000)]
  0x000000001bbe0800 JavaThread "jar transforms Thread 53" [_thread_blocked, id=8696, stack(0x0000000024fe0000,0x00000000250e0000)]
  0x000000001bbd5000 JavaThread "jar transforms Thread 52" [_thread_blocked, id=14324, stack(0x0000000024ee0000,0x0000000024fe0000)]
  0x000000001bbd9800 JavaThread "jar transforms Thread 51" [_thread_blocked, id=4124, stack(0x0000000024de0000,0x0000000024ee0000)]
  0x000000001bbdc000 JavaThread "jar transforms Thread 50" [_thread_blocked, id=5856, stack(0x0000000024ce0000,0x0000000024de0000)]
  0x000000001bbda800 JavaThread "jar transforms Thread 49" [_thread_blocked, id=9572, stack(0x0000000024be0000,0x0000000024ce0000)]
  0x000000001bbd9000 JavaThread "jar transforms Thread 48" [_thread_blocked, id=8912, stack(0x0000000024ae0000,0x0000000024be0000)]
  0x000000001bbdb000 JavaThread "jar transforms Thread 47" [_thread_blocked, id=18384, stack(0x00000000249e0000,0x0000000024ae0000)]
  0x000000001bbd3000 JavaThread "jar transforms Thread 46" [_thread_blocked, id=18968, stack(0x00000000248e0000,0x00000000249e0000)]
  0x000000001bbd2000 JavaThread "jar transforms Thread 45" [_thread_blocked, id=7644, stack(0x00000000247e0000,0x00000000248e0000)]
  0x000000001bbd4800 JavaThread "jar transforms Thread 44" [_thread_blocked, id=10932, stack(0x00000000246e0000,0x00000000247e0000)]
  0x000000001bbd3800 JavaThread "jar transforms Thread 43" [_thread_blocked, id=13656, stack(0x00000000245e0000,0x00000000246e0000)]
  0x000000001bbd1800 JavaThread "jar transforms Thread 42" [_thread_blocked, id=18072, stack(0x00000000244e0000,0x00000000245e0000)]
  0x000000001bbd6800 JavaThread "jar transforms Thread 41" [_thread_blocked, id=14360, stack(0x00000000243e0000,0x00000000244e0000)]
  0x000000001bbd8000 JavaThread "jar transforms Thread 40" [_thread_blocked, id=14044, stack(0x00000000242e0000,0x00000000243e0000)]
  0x000000001bbd7800 JavaThread "jar transforms Thread 39" [_thread_blocked, id=396, stack(0x00000000241e0000,0x00000000242e0000)]
  0x000000001bbd6000 JavaThread "jar transforms Thread 38" [_thread_blocked, id=14416, stack(0x00000000240e0000,0x00000000241e0000)]
  0x000000001e3da000 JavaThread "jar transforms Thread 37" [_thread_blocked, id=8276, stack(0x0000000023fe0000,0x00000000240e0000)]
  0x000000001e3da800 JavaThread "jar transforms Thread 36" [_thread_blocked, id=17848, stack(0x0000000023ee0000,0x0000000023fe0000)]
  0x000000001e3d9000 JavaThread "jar transforms Thread 35" [_thread_blocked, id=3348, stack(0x0000000023de0000,0x0000000023ee0000)]
  0x000000001e3db800 JavaThread "jar transforms Thread 34" [_thread_blocked, id=17260, stack(0x0000000023ce0000,0x0000000023de0000)]
  0x000000001e3d1800 JavaThread "jar transforms Thread 33" [_thread_blocked, id=19108, stack(0x0000000023be0000,0x0000000023ce0000)]
  0x000000001e3d7800 JavaThread "jar transforms Thread 32" [_thread_blocked, id=9564, stack(0x0000000023ae0000,0x0000000023be0000)]
  0x000000001e3d6000 JavaThread "jar transforms Thread 31" [_thread_blocked, id=17128, stack(0x00000000239e0000,0x0000000023ae0000)]
  0x000000001e3d5800 JavaThread "jar transforms Thread 30" [_thread_blocked, id=13960, stack(0x00000000238e0000,0x00000000239e0000)]
  0x000000001e3d7000 JavaThread "jar transforms Thread 29" [_thread_blocked, id=16600, stack(0x00000000237e0000,0x00000000238e0000)]
  0x000000001e3d4000 JavaThread "jar transforms Thread 28" [_thread_blocked, id=19296, stack(0x00000000236e0000,0x00000000237e0000)]
  0x000000001e3d3000 JavaThread "jar transforms Thread 27" [_thread_blocked, id=17640, stack(0x00000000235e0000,0x00000000236e0000)]
  0x000000001e3d8800 JavaThread "jar transforms Thread 26" [_thread_blocked, id=16692, stack(0x00000000234e0000,0x00000000235e0000)]
  0x000000001e3ce000 JavaThread "jar transforms Thread 25" [_thread_blocked, id=3324, stack(0x00000000233e0000,0x00000000234e0000)]
  0x000000001e3d4800 JavaThread "jar transforms Thread 24" [_thread_blocked, id=12440, stack(0x00000000232e0000,0x00000000233e0000)]
  0x000000001e3d1000 JavaThread "jar transforms Thread 23" [_thread_blocked, id=18168, stack(0x00000000231e0000,0x00000000232e0000)]
  0x000000001e3d0000 JavaThread "jar transforms Thread 22" [_thread_blocked, id=5832, stack(0x00000000230e0000,0x00000000231e0000)]
  0x000000001e3cf800 JavaThread "jar transforms Thread 21" [_thread_blocked, id=360, stack(0x0000000022fe0000,0x00000000230e0000)]
  0x000000001e3cd000 JavaThread "jar transforms Thread 20" [_thread_blocked, id=6360, stack(0x0000000022ee0000,0x0000000022fe0000)]
  0x000000001e3d2800 JavaThread "jar transforms Thread 19" [_thread_blocked, id=13496, stack(0x0000000022de0000,0x0000000022ee0000)]
  0x000000001e3cc800 JavaThread "jar transforms Thread 18" [_thread_blocked, id=13740, stack(0x0000000022ce0000,0x0000000022de0000)]
  0x000000001e3ce800 JavaThread "jar transforms Thread 17" [_thread_blocked, id=13256, stack(0x0000000022be0000,0x0000000022ce0000)]
  0x000000001bfbd000 JavaThread "jar transforms Thread 16" [_thread_blocked, id=15856, stack(0x0000000022ae0000,0x0000000022be0000)]
  0x000000001bfbc800 JavaThread "jar transforms Thread 15" [_thread_blocked, id=10828, stack(0x00000000229e0000,0x0000000022ae0000)]
  0x000000001bfbb000 JavaThread "jar transforms Thread 14" [_thread_blocked, id=13332, stack(0x00000000228e0000,0x00000000229e0000)]
  0x000000001bfbb800 JavaThread "jar transforms Thread 13" [_thread_blocked, id=14132, stack(0x00000000227e0000,0x00000000228e0000)]
  0x000000001bfba000 JavaThread "jar transforms Thread 12" [_thread_blocked, id=5184, stack(0x00000000226e0000,0x00000000227e0000)]
  0x000000001bfb2800 JavaThread "jar transforms Thread 11" [_thread_blocked, id=6916, stack(0x00000000225e0000,0x00000000226e0000)]
  0x000000001bfb9800 JavaThread "jar transforms Thread 10" [_thread_blocked, id=9044, stack(0x00000000224e0000,0x00000000225e0000)]
  0x000000001bfb8800 JavaThread "jar transforms Thread 9" [_thread_blocked, id=6924, stack(0x00000000223e0000,0x00000000224e0000)]
  0x000000001bfb3800 JavaThread "jar transforms Thread 8" [_thread_blocked, id=15212, stack(0x00000000222e0000,0x00000000223e0000)]
  0x000000001bfb1000 JavaThread "jar transforms Thread 7" [_thread_blocked, id=12004, stack(0x00000000221e0000,0x00000000222e0000)]
  0x000000001bfb8000 JavaThread "jar transforms Thread 6" [_thread_blocked, id=15948, stack(0x00000000220e0000,0x00000000221e0000)]
  0x000000001bfb7000 JavaThread "jar transforms Thread 5" [_thread_blocked, id=19068, stack(0x0000000021fe0000,0x00000000220e0000)]
  0x000000001bfb6800 JavaThread "jar transforms Thread 4" [_thread_blocked, id=12772, stack(0x0000000021ee0000,0x0000000021fe0000)]
  0x000000001bfaf000 JavaThread "jar transforms Thread 3" [_thread_blocked, id=7668, stack(0x0000000021de0000,0x0000000021ee0000)]
  0x000000001bfb5800 JavaThread "jar transforms Thread 2" [_thread_blocked, id=14152, stack(0x0000000021ce0000,0x0000000021de0000)]
  0x000000001bfb4000 JavaThread "Build operations Thread 4" [_thread_blocked, id=18596, stack(0x0000000021be0000,0x0000000021ce0000)]
  0x000000001bfb5000 JavaThread "Build operations Thread 3" [_thread_blocked, id=18340, stack(0x0000000021ae0000,0x0000000021be0000)]
  0x000000001bfb2000 JavaThread "Build operations Thread 2" [_thread_in_native, id=18316, stack(0x00000000219e0000,0x0000000021ae0000)]
  0x000000001bfb0800 JavaThread "Build operations" [_thread_blocked, id=16680, stack(0x00000000218e0000,0x00000000219e0000)]
  0x000000001a5b4800 JavaThread "Cache worker for file content cache (C:\Users\Huynh Tan Viet\.gradle\caches\6.5\fileContent)" [_thread_blocked, id=15668, stack(0x00000000211e0000,0x00000000212e0000)]
  0x000000001a5b3800 JavaThread "jar transforms" [_thread_blocked, id=16068, stack(0x00000000210e0000,0x00000000211e0000)]
  0x000000001a5b5000 JavaThread "Cache worker for execution history cache (C:\Users\Huynh Tan Viet\.gradle\caches\6.5\executionHistory)" [_thread_blocked, id=16776, stack(0x00000000209e0000,0x0000000020ae0000)]
  0x000000001a5b3000 JavaThread "Cache worker for cache directory md-rule (C:\Users\Huynh Tan Viet\.gradle\caches\6.5\md-rule)" [_thread_blocked, id=7092, stack(0x00000000208e0000,0x00000000209e0000)]
  0x000000001a5b9000 JavaThread "Cache worker for cache directory md-supplier (C:\Users\Huynh Tan Viet\.gradle\caches\6.5\md-supplier)" [_thread_blocked, id=11800, stack(0x00000000207e0000,0x00000000208e0000)]
  0x000000001a5b8000 JavaThread "Cache worker for checksums cache (D:\CuoiKy\.gradle\checksums)" [_thread_blocked, id=17116, stack(0x000000001f430000,0x000000001f530000)]
  0x000000001a5b7800 JavaThread "Cache worker for file hash cache (D:\CuoiKy\.gradle\6.5\fileHashes)" [_thread_blocked, id=14552, stack(0x000000001f070000,0x000000001f170000)]
  0x000000001a5b6800 JavaThread "Cache worker for file hash cache (C:\Users\Huynh Tan Viet\.gradle\caches\6.5\fileHashes)" [_thread_blocked, id=11512, stack(0x000000001dda0000,0x000000001dea0000)]
  0x000000001a5b2000 JavaThread "File lock request listener" [_thread_in_native, id=19448, stack(0x000000001dca0000,0x000000001dda0000)]
  0x000000001a5b6000 JavaThread "Cache worker for journal cache (C:\Users\Huynh Tan Viet\.gradle\caches\journal-1)" [_thread_blocked, id=19284, stack(0x000000001dba0000,0x000000001dca0000)]
  0x0000000019863800 JavaThread "Thread-9" [_thread_blocked, id=14664, stack(0x000000001d7a0000,0x000000001d8a0000)]
  0x0000000019862800 JavaThread "Stdin handler" [_thread_blocked, id=19048, stack(0x000000001d6a0000,0x000000001d7a0000)]
  0x0000000019860800 JavaThread "Asynchronous log dispatcher for DefaultDaemonConnection: socket connection from /127.0.0.1:1971 to /127.0.0.1:1972" [_thread_blocked, id=3384, stack(0x000000001d5a0000,0x000000001d6a0000)]
  0x000000001a62a800 JavaThread "Daemon worker" [_thread_blocked, id=9984, stack(0x000000001d4a0000,0x000000001d5a0000)]
  0x000000001a629800 JavaThread "Cancel handler" [_thread_blocked, id=14128, stack(0x000000001d3a0000,0x000000001d4a0000)]
  0x000000001a768000 JavaThread "Handler for socket connection from /127.0.0.1:1971 to /127.0.0.1:1972" [_thread_in_native, id=3008, stack(0x000000001d2a0000,0x000000001d3a0000)]
  0x000000001a767000 JavaThread "Daemon" [_thread_blocked, id=17992, stack(0x000000001d1a0000,0x000000001d2a0000)]
  0x000000001b72a800 JavaThread "Daemon periodic checks" [_thread_blocked, id=7900, stack(0x000000001cea0000,0x000000001cfa0000)]
  0x000000001b726000 JavaThread "Incoming local TCP Connector on port 1971" [_thread_in_native, id=7708, stack(0x000000001cc60000,0x000000001cd60000)]
  0x000000001b0e3000 JavaThread "Daemon health stats" [_thread_blocked, id=7836, stack(0x000000001c620000,0x000000001c720000)]
  0x0000000017d7d800 JavaThread "Service Thread" daemon [_thread_blocked, id=17492, stack(0x0000000019a80000,0x0000000019b80000)]
  0x0000000019488800 JavaThread "C1 CompilerThread2" daemon [_thread_blocked, id=7008, stack(0x0000000019980000,0x0000000019a80000)]
=>0x0000000017d77000 JavaThread "C2 CompilerThread1" daemon [_thread_in_native, id=14648, stack(0x0000000019880000,0x0000000019980000)]
  0x0000000017d21800 JavaThread "C2 CompilerThread0" daemon [_thread_blocked, id=8812, stack(0x0000000019380000,0x0000000019480000)]
  0x0000000017d1e000 JavaThread "Attach Listener" daemon [_thread_blocked, id=19012, stack(0x0000000019280000,0x0000000019380000)]
  0x0000000017d1c800 JavaThread "Signal Dispatcher" daemon [_thread_blocked, id=18588, stack(0x0000000019180000,0x0000000019280000)]
  0x00000000030ac000 JavaThread "Finalizer" daemon [_thread_blocked, id=12688, stack(0x0000000018f80000,0x0000000019080000)]
  0x00000000030a3000 JavaThread "Reference Handler" daemon [_thread_blocked, id=19432, stack(0x0000000018e80000,0x0000000018f80000)]
  0x0000000002fb2800 JavaThread "main" [_thread_blocked, id=4296, stack(0x0000000001700000,0x0000000001800000)]

Other Threads:
  0x0000000017ce7800 VMThread [stack: 0x0000000018d80000,0x0000000018e80000] [id=9888]
  0x00000000194aa000 WatcherThread [stack: 0x0000000019b80000,0x0000000019c80000] [id=14480]

VM state:not at safepoint (normal execution)

VM Mutex/Monitor currently owned by a thread: None

heap address: 0x0000000080000000, size: 2048 MB, Compressed Oops mode: 32-bit
Narrow klass base: 0x0000000000000000, Narrow klass shift: 3
Compressed class space size: 1073741824 Address: 0x0000000100000000

Heap:
 PSYoungGen      total 250880K, used 135748K [0x00000000d5580000, 0x00000000ebc00000, 0x0000000100000000)
  eden space 236544K, 51% used [0x00000000d5580000,0x00000000dcc189c0,0x00000000e3c80000)
  from space 14336K, 99% used [0x00000000e3c80000,0x00000000e4a787b8,0x00000000e4a80000)
  to   space 25600K, 0% used [0x00000000ea300000,0x00000000ea300000,0x00000000ebc00000)
 ParOldGen       total 68608K, used 40703K [0x0000000080000000, 0x0000000084300000, 0x00000000d5580000)
  object space 68608K, 59% used [0x0000000080000000,0x00000000827bfef0,0x0000000084300000)
 Metaspace       used 73120K, capacity 76858K, committed 77056K, reserved 1116160K
  class space    used 10420K, capacity 11190K, committed 11264K, reserved 1048576K

Card table byte_map: [0x0000000012490000,0x00000000128a0000] byte_map_base: 0x0000000012090000

Marking Bits: (ParMarkBitMap*) 0x000000005ed9af90
 Begin Bits: [0x0000000012f50000, 0x0000000014f50000)
 End Bits:   [0x0000000014f50000, 0x0000000016f50000)

Polling page: 0x00000000016b0000

CodeCache: size=245760Kb used=24730Kb max_used=24730Kb free=221029Kb
 bounds [0x00000000030d0000, 0x0000000004910000, 0x00000000120d0000]
 total_blobs=8451 nmethods=7640 adapters=722
 compilation: enabled

Compilation events (10 events):
Event: 45.970 Thread 0x0000000017d21800 nmethod 8666 0x000000000483ea90 code [0x000000000483ebc0, 0x000000000483ec38]
Event: 45.970 Thread 0x0000000019488800 nmethod 8661 0x0000000004909550 code [0x00000000049096e0, 0x0000000004909ae8]
Event: 45.970 Thread 0x0000000019488800 8662       3       com.android.tools.r8.utils.a1$$Lambda$756/1587419992::a (10 bytes)
Event: 45.970 Thread 0x0000000019488800 nmethod 8662 0x000000000490e150 code [0x000000000490e2e0, 0x000000000490e668]
Event: 45.970 Thread 0x0000000019488800 8664       3       com.android.tools.r8.graph.m::G (8 bytes)
Event: 45.972 Thread 0x0000000019488800 nmethod 8664 0x0000000004908fd0 code [0x0000000004909140, 0x00000000049093d0]
Event: 45.974 Thread 0x0000000019488800 8667       3       com.android.tools.r8.q.a.a.a.D::b (28 bytes)
Event: 45.974 Thread 0x0000000019488800 nmethod 8667 0x000000000490dc50 code [0x000000000490ddc0, 0x000000000490e058]
Event: 46.154 Thread 0x0000000019488800 8669       3       com.android.tools.r8.graph.l::a (8 bytes)
Event: 46.155 Thread 0x0000000019488800 nmethod 8669 0x000000000490cc90 code [0x000000000490ce80, 0x000000000490d758]

GC Heap History (10 events):
Event: 15.897 GC heap before
{Heap before GC invocations=10 (full 2):
 PSYoungGen      total 245760K, used 8188K [0x00000000d5580000, 0x00000000e5880000, 0x0000000100000000)
  eden space 236544K, 0% used [0x00000000d5580000,0x00000000d5580000,0x00000000e3c80000)
  from space 9216K, 88% used [0x00000000e4f80000,0x00000000e577f3d0,0x00000000e5880000)
  to   space 14336K, 0% used [0x00000000e3c80000,0x00000000e3c80000,0x00000000e4a80000)
 ParOldGen       total 51712K, used 9021K [0x0000000080000000, 0x0000000083280000, 0x00000000d5580000)
  object space 51712K, 17% used [0x0000000080000000,0x00000000808cf660,0x0000000083280000)
 Metaspace       used 34362K, capacity 35444K, committed 35496K, reserved 1079296K
  class space    used 4847K, capacity 5097K, committed 5120K, reserved 1048576K
Event: 15.958 GC heap after
Heap after GC invocations=10 (full 2):
 PSYoungGen      total 245760K, used 0K [0x00000000d5580000, 0x00000000e5880000, 0x0000000100000000)
  eden space 236544K, 0% used [0x00000000d5580000,0x00000000d5580000,0x00000000e3c80000)
  from space 9216K, 0% used [0x00000000e4f80000,0x00000000e4f80000,0x00000000e5880000)
  to   space 14336K, 0% used [0x00000000e3c80000,0x00000000e3c80000,0x00000000e4a80000)
 ParOldGen       total 68608K, used 14611K [0x0000000080000000, 0x0000000084300000, 0x00000000d5580000)
  object space 68608K, 21% used [0x0000000080000000,0x0000000080e44cc0,0x0000000084300000)
 Metaspace       used 34362K, capacity 35444K, committed 35496K, reserved 1079296K
  class space    used 4847K, capacity 5097K, committed 5120K, reserved 1048576K
}
Event: 25.719 GC heap before
{Heap before GC invocations=11 (full 2):
 PSYoungGen      total 245760K, used 236544K [0x00000000d5580000, 0x00000000e5880000, 0x0000000100000000)
  eden space 236544K, 100% used [0x00000000d5580000,0x00000000e3c80000,0x00000000e3c80000)
  from space 9216K, 0% used [0x00000000e4f80000,0x00000000e4f80000,0x00000000e5880000)
  to   space 14336K, 0% used [0x00000000e3c80000,0x00000000e3c80000,0x00000000e4a80000)
 ParOldGen       total 68608K, used 14611K [0x0000000080000000, 0x0000000084300000, 0x00000000d5580000)
  object space 68608K, 21% used [0x0000000080000000,0x0000000080e44cc0,0x0000000084300000)
 Metaspace       used 48088K, capacity 49886K, committed 50048K, reserved 1091584K
  class space    used 6647K, capacity 7011K, committed 7040K, reserved 1048576K
Event: 25.746 GC heap after
Heap after GC invocations=11 (full 2):
 PSYoungGen      total 250880K, used 14315K [0x00000000d5580000, 0x00000000e5880000, 0x0000000100000000)
  eden space 236544K, 0% used [0x00000000d5580000,0x00000000d5580000,0x00000000e3c80000)
  from space 14336K, 99% used [0x00000000e3c80000,0x00000000e4a7af18,0x00000000e4a80000)
  to   space 9216K, 0% used [0x00000000e4f80000,0x00000000e4f80000,0x00000000e5880000)
 ParOldGen       total 68608K, used 20675K [0x0000000080000000, 0x0000000084300000, 0x00000000d5580000)
  object space 68608K, 30% used [0x0000000080000000,0x0000000081430e90,0x0000000084300000)
 Metaspace       used 48088K, capacity 49886K, committed 50048K, reserved 1091584K
  class space    used 6647K, capacity 7011K, committed 7040K, reserved 1048576K
}
Event: 29.801 GC heap before
{Heap before GC invocations=12 (full 2):
 PSYoungGen      total 250880K, used 121384K [0x00000000d5580000, 0x00000000e5880000, 0x0000000100000000)
  eden space 236544K, 45% used [0x00000000d5580000,0x00000000dbe0f458,0x00000000e3c80000)
  from space 14336K, 99% used [0x00000000e3c80000,0x00000000e4a7af18,0x00000000e4a80000)
  to   space 9216K, 0% used [0x00000000e4f80000,0x00000000e4f80000,0x00000000e5880000)
 ParOldGen       total 68608K, used 20675K [0x0000000080000000, 0x0000000084300000, 0x00000000d5580000)
  object space 68608K, 30% used [0x0000000080000000,0x0000000081430e90,0x0000000084300000)
 Metaspace       used 56713K, capacity 59028K, committed 59136K, reserved 1099776K
  class space    used 7925K, capacity 8393K, committed 8448K, reserved 1048576K
Event: 29.847 GC heap after
Heap after GC invocations=12 (full 2):
 PSYoungGen      total 245760K, used 9204K [0x00000000d5580000, 0x00000000e5880000, 0x0000000100000000)
  eden space 236544K, 0% used [0x00000000d5580000,0x00000000d5580000,0x00000000e3c80000)
  from space 9216K, 99% used [0x00000000e4f80000,0x00000000e587d2f0,0x00000000e5880000)
  to   space 14336K, 0% used [0x00000000e3c80000,0x00000000e3c80000,0x00000000e4a80000)
 ParOldGen       total 68608K, used 33629K [0x0000000080000000, 0x0000000084300000, 0x00000000d5580000)
  object space 68608K, 49% used [0x0000000080000000,0x00000000820d76a0,0x0000000084300000)
 Metaspace       used 56713K, capacity 59028K, committed 59136K, reserved 1099776K
  class space    used 7925K, capacity 8393K, committed 8448K, reserved 1048576K
}
Event: 29.847 GC heap before
{Heap before GC invocations=13 (full 3):
 PSYoungGen      total 245760K, used 9204K [0x00000000d5580000, 0x00000000e5880000, 0x0000000100000000)
  eden space 236544K, 0% used [0x00000000d5580000,0x00000000d5580000,0x00000000e3c80000)
  from space 9216K, 99% used [0x00000000e4f80000,0x00000000e587d2f0,0x00000000e5880000)
  to   space 14336K, 0% used [0x00000000e3c80000,0x00000000e3c80000,0x00000000e4a80000)
 ParOldGen       total 68608K, used 33629K [0x0000000080000000, 0x0000000084300000, 0x00000000d5580000)
  object space 68608K, 49% used [0x0000000080000000,0x00000000820d76a0,0x0000000084300000)
 Metaspace       used 56713K, capacity 59028K, committed 59136K, reserved 1099776K
  class space    used 7925K, capacity 8393K, committed 8448K, reserved 1048576K
Event: 30.183 GC heap after
Heap after GC invocations=13 (full 3):
 PSYoungGen      total 245760K, used 0K [0x00000000d5580000, 0x00000000e5880000, 0x0000000100000000)
  eden space 236544K, 0% used [0x00000000d5580000,0x00000000d5580000,0x00000000e3c80000)
  from space 9216K, 0% used [0x00000000e4f80000,0x00000000e4f80000,0x00000000e5880000)
  to   space 14336K, 0% used [0x00000000e3c80000,0x00000000e3c80000,0x00000000e4a80000)
 ParOldGen       total 68608K, used 34102K [0x0000000080000000, 0x0000000084300000, 0x00000000d5580000)
  object space 68608K, 49% used [0x0000000080000000,0x000000008214d9f8,0x0000000084300000)
 Metaspace       used 56697K, capacity 58974K, committed 59136K, reserved 1099776K
  class space    used 7920K, capacity 8384K, committed 8448K, reserved 1048576K
}
Event: 43.106 GC heap before
{Heap before GC invocations=14 (full 3):
 PSYoungGen      total 245760K, used 236544K [0x00000000d5580000, 0x00000000e5880000, 0x0000000100000000)
  eden space 236544K, 100% used [0x00000000d5580000,0x00000000e3c80000,0x00000000e3c80000)
  from space 9216K, 0% used [0x00000000e4f80000,0x00000000e4f80000,0x00000000e5880000)
  to   space 14336K, 0% used [0x00000000e3c80000,0x00000000e3c80000,0x00000000e4a80000)
 ParOldGen       total 68608K, used 34102K [0x0000000080000000, 0x0000000084300000, 0x00000000d5580000)
  object space 68608K, 49% used [0x0000000080000000,0x000000008214d9f8,0x0000000084300000)
 Metaspace       used 66909K, capacity 69940K, committed 70272K, reserved 1110016K
  class space    used 9412K, capacity 10005K, committed 10112K, reserved 1048576K
Event: 43.169 GC heap after
Heap after GC invocations=14 (full 3):
 PSYoungGen      total 250880K, used 14305K [0x00000000d5580000, 0x00000000ebc00000, 0x0000000100000000)
  eden space 236544K, 0% used [0x00000000d5580000,0x00000000d5580000,0x00000000e3c80000)
  from space 14336K, 99% used [0x00000000e3c80000,0x00000000e4a787b8,0x00000000e4a80000)
  to   space 25600K, 0% used [0x00000000ea300000,0x00000000ea300000,0x00000000ebc00000)
 ParOldGen       total 68608K, used 40703K [0x0000000080000000, 0x0000000084300000, 0x00000000d5580000)
  object space 68608K, 59% used [0x0000000080000000,0x00000000827bfef0,0x0000000084300000)
 Metaspace       used 66909K, capacity 69940K, committed 70272K, reserved 1110016K
  class space    used 9412K, capacity 10005K, committed 10112K, reserved 1048576K
}

Deoptimization events (10 events):
Event: 44.545 Thread 0x000000001bfb4000 Uncommon trap: reason=unstable_if action=reinterpret pc=0x00000000042f4a6c method=java.util.Collections$SetFromMap.add(Ljava/lang/Object;)Z @ 13
Event: 44.637 Thread 0x000000001bfb2000 Uncommon trap: reason=unstable_if action=reinterpret pc=0x000000000404a80c method=java.util.concurrent.ConcurrentHashMap.get(Ljava/lang/Object;)Ljava/lang/Object; @ 86
Event: 44.638 Thread 0x000000001bfb2000 Uncommon trap: reason=unstable_if action=reinterpret pc=0x0000000003a579bc method=java.util.concurrent.ConcurrentHashMap.get(Ljava/lang/Object;)Ljava/lang/Object; @ 86
Event: 44.863 Thread 0x000000001bfb4000 Uncommon trap: reason=unstable_if action=reinterpret pc=0x00000000044b5de0 method=java.nio.Bits.putInt(Ljava/nio/ByteBuffer;IIZ)V @ 1
Event: 45.329 Thread 0x000000001bfb2000 Uncommon trap: reason=unstable_if action=reinterpret pc=0x000000000364deec method=java.util.concurrent.ConcurrentHashMap.putVal(Ljava/lang/Object;Ljava/lang/Object;Z)Ljava/lang/Object; @ 195
Event: 45.371 Thread 0x000000001bfb4000 Uncommon trap: reason=unstable_if action=reinterpret pc=0x00000000047b6c88 method=com.android.tools.r8.z.a.a.f.a(II[C)Ljava/lang/String; @ 32
Event: 45.371 Thread 0x000000001bfb4000 Uncommon trap: reason=unstable_if action=reinterpret pc=0x000000000483e1a8 method=com.android.tools.r8.graph.i0.a(C)I @ 1
Event: 45.371 Thread 0x000000001bfb4000 Uncommon trap: reason=unstable_if action=reinterpret pc=0x00000000043ef6ec method=com.android.tools.r8.graph.i0.a(C[BI)I @ 1
Event: 45.960 Thread 0x000000001bfb2000 Uncommon trap: reason=unstable_if action=reinterpret pc=0x0000000004766440 method=com.android.tools.r8.utils.Y.d(I)Z @ 45
Event: 46.162 Thread 0x000000001bfb2000 Uncommon trap: reason=unstable_if action=reinterpret pc=0x00000000041919ac method=java.util.HashMap.putVal(ILjava/lang/Object;Ljava/lang/Object;ZZ)Ljava/lang/Object; @ 236

Classes redefined (0 events):
No events

Internal exceptions (10 events):
Event: 38.374 Thread 0x000000001bfb0800 Exception <a 'java/lang/NoSuchMethodError': java.lang.Object.lambda$flatMap$2(Ljava/util/function/Function;Ljava/lang/Object;)Lorg/gradle/internal/Try;> (0x00000000db410b90) thrown at [C:\jenkins\workspace\8-2-build-windows-amd64-cygwin\jdk8u251\737\hotsp
Event: 40.632 Thread 0x000000001a62a800 Exception <a 'java/lang/NoSuchMethodError': java.lang.Object.lambda$flatMap$0(Ljava/lang/Throwable;)Lorg/gradle/api/internal/artifacts/transform/CacheableInvocation;> (0x00000000dc6fab08) thrown at [C:\jenkins\workspace\8-2-build-windows-amd64-cygwin\jdk8
Event: 40.798 Thread 0x000000001a62a800 Exception <a 'java/lang/NoSuchMethodError': <clinit>> (0x00000000ddb5b958) thrown at [C:\jenkins\workspace\8-2-build-windows-amd64-cygwin\jdk8u251\737\hotspot\src\share\vm\prims\jni.cpp, line 1614]
Event: 42.844 Thread 0x000000001c13d800 Exception <a 'sun/nio/fs/WindowsException'> (0x00000000e34fce68) thrown at [C:\jenkins\workspace\8-2-build-windows-amd64-cygwin\jdk8u251\737\hotspot\src\share\vm\prims\jni.cpp, line 710]
Event: 42.844 Thread 0x000000001c13d800 Exception <a 'sun/nio/fs/WindowsException'> (0x00000000e34fe0d0) thrown at [C:\jenkins\workspace\8-2-build-windows-amd64-cygwin\jdk8u251\737\hotspot\src\share\vm\prims\jni.cpp, line 710]
Event: 44.220 Thread 0x000000001bfb2000 Exception <a 'java/lang/NoSuchMethodError': java.lang.Object.lambda$static$0(Ljava/lang/String;)Z> (0x00000000d89fed38) thrown at [C:\jenkins\workspace\8-2-build-windows-amd64-cygwin\jdk8u251\737\hotspot\src\share\vm\interpreter\linkResolver.cpp, line 620
Event: 44.428 Thread 0x000000001bfb2000 Exception <a 'sun/nio/fs/WindowsException'> (0x00000000d92b15a0) thrown at [C:\jenkins\workspace\8-2-build-windows-amd64-cygwin\jdk8u251\737\hotspot\src\share\vm\prims\jni.cpp, line 710]
Event: 44.428 Thread 0x000000001bfb4000 Exception <a 'sun/nio/fs/WindowsException'> (0x00000000d94077c0) thrown at [C:\jenkins\workspace\8-2-build-windows-amd64-cygwin\jdk8u251\737\hotspot\src\share\vm\prims\jni.cpp, line 710]
Event: 45.209 Thread 0x000000001bfb2000 Exception <a 'java/lang/IncompatibleClassChangeError': Found class java.lang.Object, but interface was expected> (0x00000000da50e238) thrown at [C:\jenkins\workspace\8-2-build-windows-amd64-cygwin\jdk8u251\737\hotspot\src\share\vm\interpreter\linkResolver
Event: 46.331 Thread 0x000000001bfb4000 Exception <a 'java/lang/NoSuchMethodError': java.lang.Object.b(Lcom/android/tools/r8/graph/p1$b;)Lcom/android/tools/r8/graph/p1$b;> (0x00000000dcb8a030) thrown at [C:\jenkins\workspace\8-2-build-windows-amd64-cygwin\jdk8u251\737\hotspot\src\share\vm\inter

Events (10 events):
Event: 46.331 loading class com/android/tools/r8/graph/p1$b
Event: 46.331 loading class com/android/tools/r8/graph/p1$b done
Event: 46.331 loading class com/android/tools/r8/graph/p1$b
Event: 46.331 loading class com/android/tools/r8/graph/p1$b done
Event: 46.331 loading class com/android/tools/r8/graph/p1$b
Event: 46.331 loading class com/android/tools/r8/graph/p1$b done
Event: 46.332 loading class com/android/tools/r8/code/u1
Event: 46.332 loading class com/android/tools/r8/code/u1 done
Event: 46.332 loading class com/android/tools/r8/t/a/a/a/f/X$e
Event: 46.332 loading class com/android/tools/r8/t/a/a/a/f/X$e done


Dynamic libraries:
0x00007ff7b1d20000 - 0x00007ff7b1d57000 	C:\Program Files\Java\jdk1.8.0_251\bin\java.exe
0x00007fff8b4b0000 - 0x00007fff8b6a5000 	C:\WINDOWS\SYSTEM32\ntdll.dll
0x00007fff899b0000 - 0x00007fff89a6d000 	C:\WINDOWS\System32\KERNEL32.DLL
0x00007fff89030000 - 0x00007fff892f8000 	C:\WINDOWS\System32\KERNELBASE.dll
0x00007fff8ad40000 - 0x00007fff8adec000 	C:\WINDOWS\System32\ADVAPI32.dll
0x00007fff89a70000 - 0x00007fff89b0e000 	C:\WINDOWS\System32\msvcrt.dll
0x00007fff8a410000 - 0x00007fff8a4ab000 	C:\WINDOWS\System32\sechost.dll
0x00007fff8b160000 - 0x00007fff8b28b000 	C:\WINDOWS\System32\RPCRT4.dll
0x00007fff89b20000 - 0x00007fff89cc0000 	C:\WINDOWS\System32\USER32.dll
0x00007fff894e0000 - 0x00007fff89502000 	C:\WINDOWS\System32\win32u.dll
0x00007fff89980000 - 0x00007fff899aa000 	C:\WINDOWS\System32\GDI32.dll
0x00007fff88f20000 - 0x00007fff8902b000 	C:\WINDOWS\System32\gdi32full.dll
0x00007fff88bf0000 - 0x00007fff88c8d000 	C:\WINDOWS\System32\msvcp_win.dll
0x00007fff88c90000 - 0x00007fff88d90000 	C:\WINDOWS\System32\ucrtbase.dll
0x00007fff79620000 - 0x00007fff798ba000 	C:\WINDOWS\WinSxS\amd64_microsoft.windows.common-controls_6595b64144ccf1df_6.0.19041.844_none_ca00b6081b84eb1d\COMCTL32.dll
0x00007fff8acb0000 - 0x00007fff8ace0000 	C:\WINDOWS\System32\IMM32.DLL
0x00000000605d0000 - 0x00000000606a2000 	C:\Program Files\Java\jdk1.8.0_251\jre\bin\msvcr100.dll
0x000000005e570000 - 0x000000005ee1b000 	C:\Program Files\Java\jdk1.8.0_251\jre\bin\server\jvm.dll
0x00007fff8abc0000 - 0x00007fff8abc8000 	C:\WINDOWS\System32\PSAPI.DLL
0x00007fff819b0000 - 0x00007fff819ba000 	C:\WINDOWS\SYSTEM32\VERSION.dll
0x00007fff80b10000 - 0x00007fff80b37000 	C:\WINDOWS\SYSTEM32\WINMM.dll
0x00007fff829c0000 - 0x00007fff829c9000 	C:\WINDOWS\SYSTEM32\WSOCK32.dll
0x00007fff8aa00000 - 0x00007fff8aa6b000 	C:\WINDOWS\System32\WS2_32.dll
0x00007fff84560000 - 0x00007fff8456f000 	C:\Program Files\Java\jdk1.8.0_251\jre\bin\verify.dll
0x00007fff6bc20000 - 0x00007fff6bc49000 	C:\Program Files\Java\jdk1.8.0_251\jre\bin\java.dll
0x00007fff78d20000 - 0x00007fff78d36000 	C:\Program Files\Java\jdk1.8.0_251\jre\bin\zip.dll
0x00007fff89cc0000 - 0x00007fff8a402000 	C:\WINDOWS\System32\SHELL32.dll
0x00007fff86b10000 - 0x00007fff872a0000 	C:\WINDOWS\SYSTEM32\windows.storage.dll
0x00007fff89570000 - 0x00007fff898c5000 	C:\WINDOWS\System32\combase.dll
0x00007fff88590000 - 0x00007fff885bc000 	C:\WINDOWS\SYSTEM32\Wldp.dll
0x00007fff898d0000 - 0x00007fff8997e000 	C:\WINDOWS\System32\SHCORE.dll
0x00007fff89510000 - 0x00007fff89565000 	C:\WINDOWS\System32\shlwapi.dll
0x00007fff88b30000 - 0x00007fff88b4f000 	C:\WINDOWS\SYSTEM32\profapi.dll
0x00007fff78ce0000 - 0x00007fff78cfa000 	C:\Program Files\Java\jdk1.8.0_251\jre\bin\net.dll
0x00007fff88300000 - 0x00007fff8836a000 	C:\WINDOWS\system32\mswsock.dll
0x00007fff6c910000 - 0x00007fff6c922000 	C:\Program Files\Java\jdk1.8.0_251\jre\bin\nio.dll
0x00007fff6bf70000 - 0x00007fff6bf97000 	C:\Users\Huynh Tan Viet\.gradle\native\f6784746aeab05261644944871eae4fe03e0ef1612fff0a4a95f87b438bc6780\windows-amd64\native-platform.dll
0x00007fff79be0000 - 0x00007fff79bed000 	C:\Program Files\Java\jdk1.8.0_251\jre\bin\management.dll
0x00007fff884e0000 - 0x00007fff884f8000 	C:\WINDOWS\SYSTEM32\CRYPTSP.dll
0x00007fff87ca0000 - 0x00007fff87cd4000 	C:\WINDOWS\system32\rsaenh.dll
0x00007fff88de0000 - 0x00007fff88e07000 	C:\WINDOWS\System32\bcrypt.dll
0x00007fff88af0000 - 0x00007fff88b1e000 	C:\WINDOWS\SYSTEM32\USERENV.dll
0x00007fff89460000 - 0x00007fff894e0000 	C:\WINDOWS\System32\bcryptprimitives.dll
0x00007fff884d0000 - 0x00007fff884dc000 	C:\WINDOWS\SYSTEM32\CRYPTBASE.dll
0x00007fff87ff0000 - 0x00007fff8802b000 	C:\WINDOWS\SYSTEM32\IPHLPAPI.DLL
0x00007fff8a4b0000 - 0x00007fff8a4b8000 	C:\WINDOWS\System32\NSI.dll
0x00007fff818c0000 - 0x00007fff818d7000 	C:\WINDOWS\SYSTEM32\dhcpcsvc6.DLL
0x00007fff82230000 - 0x00007fff8224d000 	C:\WINDOWS\SYSTEM32\dhcpcsvc.DLL
0x00007fff88080000 - 0x00007fff8814c000 	C:\WINDOWS\SYSTEM32\DNSAPI.dll
0x00007fff82420000 - 0x00007fff8242b000 	C:\WINDOWS\SYSTEM32\WINNSI.DLL

VM Arguments:
jvm_args: -Xmx2048m -Dfile.encoding=windows-1252 -Duser.country=US -Duser.language=en -Duser.variant 
java_command: org.gradle.launcher.daemon.bootstrap.GradleDaemon 6.5
java_class_path (initial): C:\Users\Huynh Tan Viet\.gradle\wrapper\dists\gradle-6.5-bin\6nifqtx7604sqp1q6g8wikw7p\gradle-6.5\lib\gradle-launcher-6.5.jar
Launcher Type: SUN_STANDARD

Environment Variables:
JAVA_HOME=C:\Program Files\Java\jdk1.8.0_251
USERNAME=Huynh Tan Viet
OS=Windows_NT
PROCESSOR_IDENTIFIER=Intel64 Family 6 Model 61 Stepping 4, GenuineIntel



---------------  S Y S T E M  ---------------

OS: Windows 10.0 , 64 bit Build 19041 (10.0.19041.928)

CPU:total 4 (initial active 4) (2 cores per cpu, 2 threads per core) family 6 model 61 stepping 4, cmov, cx8, fxsr, mmx, sse, sse2, sse3, ssse3, sse4.1, sse4.2, popcnt, avx, avx2, aes, clmul, erms, 3dnowpref, lzcnt, ht, tsc, tscinvbit, bmi1, bmi2, adx

Memory: 4k page, physical 8296264k(350804k free), swap 12490568k(6644k free)

vm_info: Java HotSpot(TM) 64-Bit Server VM (25.251-b08) for windows-amd64 JRE (1.8.0_251-b08), built on Mar 12 2020 06:31:49 by "" with MS VC++ 10.0 (VS2010)

time: Mon May 31 15:48:50 2021
timezone: SE Asia Standard Time
elapsed time: 47 seconds (0d 0h 0m 47s)

