#
# There is insufficient memory for the Java Runtime Environment to continue.
# Native memory allocation (malloc) failed to allocate 2189936 bytes for Chunk::new
# Possible reasons:
#   The system is out of physical RAM or swap space
#   The process is running with CompressedOops enabled, and the Java Heap may be blocking the growth of the native heap
# Possible solutions:
#   Reduce memory load on the system
#   Increase physical memory or swap space
#   Check if swap backing store is full
#   Decrease Java heap size (-Xmx/-Xms)
#   Decrease number of Java threads
#   Decrease Java thread stack sizes (-Xss)
#   Set larger code cache with -XX:ReservedCodeCacheSize=
#   JVM is running with Unscaled Compressed Oops mode in which the Java heap is
#     placed in the first 4GB address space. The Java Heap base address is the
#     maximum limit for the native heap growth. Please use -XX:HeapBaseMinAddress
#     to set the Java Heap base and to place the Java Heap above 4GB virtual address.
# This output file may be truncated or incomplete.
#
#  Out of Memory Error (allocation.cpp:389), pid=15456, tid=0x00000000000031b8
#
# JRE version: Java(TM) SE Runtime Environment (8.0_251-b08) (build 1.8.0_251-b08)
# Java VM: Java HotSpot(TM) 64-Bit Server VM (25.251-b08 mixed mode windows-amd64 compressed oops)
# Failed to write core dump. Minidumps are not enabled by default on client versions of Windows
#

---------------  T H R E A D  ---------------

Current thread (0x0000000017338000):  JavaThread "C2 CompilerThread1" daemon [_thread_in_native, id=12728, stack(0x0000000018a80000,0x0000000018b80000)]

Stack: [0x0000000018a80000,0x0000000018b80000]
[error occurred during error reporting (printing stack bounds), id 0xc0000005]

Native frames: (J=compiled Java code, j=interpreted, Vv=VM code, C=native code)


Current CompileTask:
C2:  17285 2674       4       java.net.URLClassLoader$1::run (5 bytes)


---------------  P R O C E S S  ---------------

Java Threads: ( => current thread )
  0x000000001d7a8000 JavaThread "Cache worker for file content cache (C:\Users\Huynh Tan Viet\.gradle\caches\6.5\fileContent)" [_thread_blocked, id=11796, stack(0x0000000022e50000,0x0000000022f50000)]
  0x000000001d7a7000 JavaThread "Cache worker for execution history cache (C:\Users\Huynh Tan Viet\.gradle\caches\6.5\executionHistory)" [_thread_blocked, id=1120, stack(0x0000000022950000,0x0000000022a50000)]
  0x000000001d79b000 JavaThread "Cache worker for cache directory md-rule (C:\Users\Huynh Tan Viet\.gradle\caches\6.5\md-rule)" [_thread_blocked, id=17060, stack(0x0000000022650000,0x0000000022750000)]
  0x000000001d7a2000 JavaThread "Cache worker for cache directory md-supplier (C:\Users\Huynh Tan Viet\.gradle\caches\6.5\md-supplier)" [_thread_blocked, id=8868, stack(0x0000000022550000,0x0000000022650000)]
  0x000000001d79a800 JavaThread "Cache worker for checksums cache (D:\CuoiKy\.gradle\checksums)" [_thread_blocked, id=8684, stack(0x0000000022450000,0x0000000022550000)]
  0x000000001d79e000 JavaThread "jar transforms Thread 25" [_thread_blocked, id=4964, stack(0x0000000022150000,0x0000000022250000)]
  0x000000001d79c000 JavaThread "jar transforms Thread 24" [_thread_blocked, id=4032, stack(0x0000000022050000,0x0000000022150000)]
  0x000000001d7a1000 JavaThread "jar transforms Thread 23" [_thread_blocked, id=7396, stack(0x0000000021f50000,0x0000000022050000)]
  0x000000001d79d800 JavaThread "jar transforms Thread 22" [_thread_blocked, id=15180, stack(0x0000000021e50000,0x0000000021f50000)]
  0x000000001d79f000 JavaThread "jar transforms Thread 21" [_thread_blocked, id=3516, stack(0x0000000021d50000,0x0000000021e50000)]
  0x000000001d79c800 JavaThread "jar transforms Thread 20" [_thread_blocked, id=11768, stack(0x0000000021c50000,0x0000000021d50000)]
  0x000000001d7a0800 JavaThread "jar transforms Thread 19" [_thread_blocked, id=14400, stack(0x0000000021b50000,0x0000000021c50000)]
  0x000000001d79f800 JavaThread "jar transforms Thread 18" [_thread_blocked, id=312, stack(0x0000000021a50000,0x0000000021b50000)]
  0x0000000018e87800 JavaThread "jar transforms Thread 17" [_thread_blocked, id=2240, stack(0x0000000021950000,0x0000000021a50000)]
  0x0000000018e8e800 JavaThread "jar transforms Thread 16" [_thread_blocked, id=1380, stack(0x0000000021850000,0x0000000021950000)]
  0x0000000018e8d000 JavaThread "jar transforms Thread 15" [_thread_blocked, id=5960, stack(0x0000000021750000,0x0000000021850000)]
  0x0000000018e8b800 JavaThread "jar transforms Thread 14" [_thread_blocked, id=17384, stack(0x0000000021650000,0x0000000021750000)]
  0x0000000018e8e000 JavaThread "jar transforms Thread 13" [_thread_blocked, id=18152, stack(0x0000000021550000,0x0000000021650000)]
  0x0000000018e8c800 JavaThread "jar transforms Thread 12" [_thread_blocked, id=3040, stack(0x0000000021450000,0x0000000021550000)]
  0x0000000018e8b000 JavaThread "jar transforms Thread 11" [_thread_blocked, id=10132, stack(0x0000000021350000,0x0000000021450000)]
  0x0000000018e8a000 JavaThread "jar transforms Thread 10" [_thread_blocked, id=6720, stack(0x0000000021250000,0x0000000021350000)]
  0x0000000018e82800 JavaThread "jar transforms Thread 9" [_thread_blocked, id=13032, stack(0x0000000021150000,0x0000000021250000)]
  0x0000000018e89000 JavaThread "jar transforms Thread 8" [_thread_blocked, id=13180, stack(0x0000000021050000,0x0000000021150000)]
  0x0000000018e87000 JavaThread "jar transforms Thread 7" [_thread_blocked, id=13632, stack(0x0000000020f50000,0x0000000021050000)]
  0x0000000018e88800 JavaThread "jar transforms Thread 6" [_thread_blocked, id=15776, stack(0x000000001fe40000,0x000000001ff40000)]
  0x0000000018e81000 JavaThread "jar transforms Thread 5" [_thread_blocked, id=10412, stack(0x000000001fd40000,0x000000001fe40000)]
  0x0000000018e86000 JavaThread "jar transforms Thread 4" [_thread_blocked, id=5496, stack(0x000000001fc40000,0x000000001fd40000)]
  0x0000000018e85800 JavaThread "jar transforms Thread 3" [_thread_blocked, id=6088, stack(0x000000001fb40000,0x000000001fc40000)]
  0x0000000018e84800 JavaThread "jar transforms Thread 2" [_thread_blocked, id=18296, stack(0x000000001fa40000,0x000000001fb40000)]
  0x0000000018e84000 JavaThread "jar transforms" [_thread_blocked, id=14184, stack(0x000000001f940000,0x000000001fa40000)]
  0x0000000018e81800 JavaThread "Cache worker for file hash cache (D:\CuoiKy\.gradle\6.5\fileHashes)" [_thread_blocked, id=14888, stack(0x000000001f840000,0x000000001f940000)]
  0x0000000018e7f800 JavaThread "Cache worker for file hash cache (C:\Users\Huynh Tan Viet\.gradle\caches\6.5\fileHashes)" [_thread_blocked, id=17412, stack(0x000000001d3a0000,0x000000001d4a0000)]
  0x0000000018e83000 JavaThread "File lock request listener" [_thread_in_native, id=4952, stack(0x000000001d2a0000,0x000000001d3a0000)]
  0x0000000018e80000 JavaThread "Cache worker for journal cache (C:\Users\Huynh Tan Viet\.gradle\caches\journal-1)" [_thread_blocked, id=5136, stack(0x000000001d1a0000,0x000000001d2a0000)]
  0x000000001a2e0000 JavaThread "Thread-9" [_thread_blocked, id=5352, stack(0x000000001cda0000,0x000000001cea0000)]
  0x000000001a2df000 JavaThread "Stdin handler" [_thread_blocked, id=15460, stack(0x000000001cca0000,0x000000001cda0000)]
  0x000000001a2de800 JavaThread "Asynchronous log dispatcher for DefaultDaemonConnection: socket connection from /127.0.0.1:2102 to /127.0.0.1:2103" [_thread_blocked, id=9928, stack(0x000000001cba0000,0x000000001cca0000)]
  0x000000001a2e5000 JavaThread "Daemon worker" [_thread_in_vm, id=14524, stack(0x000000001caa0000,0x000000001cba0000)]
  0x000000001a2e4800 JavaThread "Cancel handler" [_thread_blocked, id=10536, stack(0x000000001c9a0000,0x000000001caa0000)]
  0x000000001a2e3800 JavaThread "Handler for socket connection from /127.0.0.1:2102 to /127.0.0.1:2103" [_thread_in_native, id=2392, stack(0x000000001c8a0000,0x000000001c9a0000)]
  0x000000001a2e2000 JavaThread "Daemon" [_thread_blocked, id=19408, stack(0x000000001c7a0000,0x000000001c8a0000)]
  0x000000001a2e3000 JavaThread "Daemon periodic checks" [_thread_blocked, id=10484, stack(0x000000001c4a0000,0x000000001c5a0000)]
  0x000000001a2e1800 JavaThread "Incoming local TCP Connector on port 2102" [_thread_in_native, id=9188, stack(0x000000001c260000,0x000000001c360000)]
  0x000000001a2e0800 JavaThread "Daemon health stats" [_thread_blocked, id=12708, stack(0x000000001bc20000,0x000000001bd20000)]
  0x000000001738e000 JavaThread "Service Thread" daemon [_thread_blocked, id=12508, stack(0x0000000019080000,0x0000000019180000)]
  0x0000000017345800 JavaThread "C1 CompilerThread2" daemon [_thread_blocked, id=6584, stack(0x0000000018b80000,0x0000000018c80000)]
=>0x0000000017338000 JavaThread "C2 CompilerThread1" daemon [_thread_in_native, id=12728, stack(0x0000000018a80000,0x0000000018b80000)]
  0x0000000017333000 JavaThread "C2 CompilerThread0" daemon [_thread_in_native, id=17136, stack(0x0000000018980000,0x0000000018a80000)]
  0x000000001732f800 JavaThread "Attach Listener" daemon [_thread_blocked, id=11828, stack(0x0000000018880000,0x0000000018980000)]
  0x000000001732e800 JavaThread "Signal Dispatcher" daemon [_thread_blocked, id=7432, stack(0x0000000018780000,0x0000000018880000)]
  0x000000000270d000 JavaThread "Finalizer" daemon [_thread_blocked, id=14832, stack(0x0000000018580000,0x0000000018680000)]
  0x0000000002703000 JavaThread "Reference Handler" daemon [_thread_blocked, id=15316, stack(0x0000000018480000,0x0000000018580000)]
  0x0000000002612800 JavaThread "main" [_thread_blocked, id=14496, stack(0x0000000002420000,0x0000000002520000)]

Other Threads:
  0x00000000172f7800 VMThread [stack: 0x0000000018380000,0x0000000018480000] [id=16940]
  0x0000000018cb3800 WatcherThread [stack: 0x0000000019180000,0x0000000019280000] [id=13004]

VM state:not at safepoint (normal execution)

VM Mutex/Monitor currently owned by a thread: None

heap address: 0x0000000080000000, size: 2048 MB, Compressed Oops mode: 32-bit
Narrow klass base: 0x0000000000000000, Narrow klass shift: 3
Compressed class space size: 1073741824 Address: 0x0000000100000000

Heap:
 PSYoungGen      total 50688K, used 45247K [0x00000000d5580000, 0x00000000d9c00000, 0x0000000100000000)
  eden space 39936K, 93% used [0x00000000d5580000,0x00000000d79ebf10,0x00000000d7c80000)
  from space 10752K, 73% used [0x00000000d7c80000,0x00000000d8443d80,0x00000000d8700000)
  to   space 11264K, 0% used [0x00000000d9100000,0x00000000d9100000,0x00000000d9c00000)
 ParOldGen       total 64512K, used 9216K [0x0000000080000000, 0x0000000083f00000, 0x00000000d5580000)
  object space 64512K, 14% used [0x0000000080000000,0x0000000080900298,0x0000000083f00000)
 Metaspace       used 32885K, capacity 34059K, committed 34176K, reserved 1079296K
  class space    used 4574K, capacity 4903K, committed 4992K, reserved 1048576K

Card table byte_map: [0x0000000011ad0000,0x0000000011ee0000] byte_map_base: 0x00000000116d0000

Marking Bits: (ParMarkBitMap*) 0x000000005ed9af90
 Begin Bits: [0x0000000012590000, 0x0000000014590000)
 End Bits:   [0x0000000014590000, 0x0000000016590000)

Polling page: 0x0000000000870000

CodeCache: size=245760Kb used=9362Kb max_used=9362Kb free=236397Kb
 bounds [0x0000000002710000, 0x0000000003040000, 0x0000000011710000]
 total_blobs=3130 nmethods=2439 adapters=602
 compilation: enabled

Compilation events (10 events):
Event: 17.092 Thread 0x0000000017345800 2707       3       java.lang.Byte::hashCode (2 bytes)
Event: 17.092 Thread 0x0000000017345800 nmethod 2707 0x0000000003034dd0 code [0x0000000003034f20, 0x0000000003035050]
Event: 17.220 Thread 0x0000000017345800 2708       3       jdk.internal.org.objectweb.asm.FieldWriter::getSize (262 bytes)
Event: 17.222 Thread 0x0000000017345800 nmethod 2708 0x00000000030350d0 code [0x0000000003035360, 0x0000000003036268]
Event: 17.222 Thread 0x0000000017345800 2710       3       jdk.internal.org.objectweb.asm.AnnotationWriter::put (109 bytes)
Event: 17.222 Thread 0x0000000017345800 nmethod 2710 0x0000000003036a10 code [0x0000000003036bc0, 0x0000000003037078]
Event: 17.222 Thread 0x0000000017345800 2709       3       jdk.internal.org.objectweb.asm.FieldWriter::put (472 bytes)
Event: 17.224 Thread 0x0000000017345800 nmethod 2709 0x0000000003037310 code [0x00000000030376c0, 0x0000000003038ab8]
Event: 17.239 Thread 0x0000000017345800 2711       3       java.lang.Long::hashCode (8 bytes)
Event: 17.239 Thread 0x0000000017345800 nmethod 2711 0x0000000003039810 code [0x0000000003039960, 0x0000000003039ab0]

GC Heap History (10 events):
Event: 9.986 GC heap before
{Heap before GC invocations=6 (full 0):
 PSYoungGen      total 38400K, used 36420K [0x00000000d5580000, 0x00000000d8000000, 0x0000000100000000)
  eden space 33280K, 94% used [0x00000000d5580000,0x00000000d7411010,0x00000000d7600000)
  from space 5120K, 100% used [0x00000000d7600000,0x00000000d7b00000,0x00000000d7b00000)
  to   space 5120K, 0% used [0x00000000d7b00000,0x00000000d7b00000,0x00000000d8000000)
 ParOldGen       total 87552K, used 6435K [0x0000000080000000, 0x0000000085580000, 0x00000000d5580000)
  object space 87552K, 7% used [0x0000000080000000,0x0000000080648c60,0x0000000085580000)
 Metaspace       used 20524K, capacity 21253K, committed 21296K, reserved 1067008K
  class space    used 2937K, capacity 3157K, committed 3200K, reserved 1048576K
Event: 9.998 GC heap after
Heap after GC invocations=6 (full 0):
 PSYoungGen      total 32768K, used 5092K [0x00000000d5580000, 0x00000000d8a80000, 0x0000000100000000)
  eden space 27648K, 0% used [0x00000000d5580000,0x00000000d5580000,0x00000000d7080000)
  from space 5120K, 99% used [0x00000000d7b00000,0x00000000d7ff9050,0x00000000d8000000)
  to   space 10752K, 0% used [0x00000000d7080000,0x00000000d7080000,0x00000000d7b00000)
 ParOldGen       total 87552K, used 9886K [0x0000000080000000, 0x0000000085580000, 0x00000000d5580000)
  object space 87552K, 11% used [0x0000000080000000,0x00000000809a79d0,0x0000000085580000)
 Metaspace       used 20524K, capacity 21253K, committed 21296K, reserved 1067008K
  class space    used 2937K, capacity 3157K, committed 3200K, reserved 1048576K
}
Event: 10.058 GC heap before
{Heap before GC invocations=7 (full 1):
 PSYoungGen      total 32768K, used 5092K [0x00000000d5580000, 0x00000000d8a80000, 0x0000000100000000)
  eden space 27648K, 0% used [0x00000000d5580000,0x00000000d5580000,0x00000000d7080000)
  from space 5120K, 99% used [0x00000000d7b00000,0x00000000d7ff9050,0x00000000d8000000)
  to   space 10752K, 0% used [0x00000000d7080000,0x00000000d7080000,0x00000000d7b00000)
 ParOldGen       total 87552K, used 9886K [0x0000000080000000, 0x0000000085580000, 0x00000000d5580000)
  object space 87552K, 11% used [0x0000000080000000,0x00000000809a79d0,0x0000000085580000)
 Metaspace       used 20524K, capacity 21253K, committed 21296K, reserved 1067008K
  class space    used 2937K, capacity 3157K, committed 3200K, reserved 1048576K
Event: 10.161 GC heap after
Heap after GC invocations=7 (full 1):
 PSYoungGen      total 32768K, used 0K [0x00000000d5580000, 0x00000000d8a80000, 0x0000000100000000)
  eden space 27648K, 0% used [0x00000000d5580000,0x00000000d5580000,0x00000000d7080000)
  from space 5120K, 0% used [0x00000000d7b00000,0x00000000d7b00000,0x00000000d8000000)
  to   space 10752K, 0% used [0x00000000d7080000,0x00000000d7080000,0x00000000d7b00000)
 ParOldGen       total 64512K, used 9192K [0x0000000080000000, 0x0000000083f00000, 0x00000000d5580000)
  object space 64512K, 14% used [0x0000000080000000,0x00000000808fa298,0x0000000083f00000)
 Metaspace       used 20524K, capacity 21253K, committed 21296K, reserved 1067008K
  class space    used 2937K, capacity 3157K, committed 3200K, reserved 1048576K
}
Event: 12.914 GC heap before
{Heap before GC invocations=8 (full 1):
 PSYoungGen      total 32768K, used 27648K [0x00000000d5580000, 0x00000000d8a80000, 0x0000000100000000)
  eden space 27648K, 100% used [0x00000000d5580000,0x00000000d7080000,0x00000000d7080000)
  from space 5120K, 0% used [0x00000000d7b00000,0x00000000d7b00000,0x00000000d8000000)
  to   space 10752K, 0% used [0x00000000d7080000,0x00000000d7080000,0x00000000d7b00000)
 ParOldGen       total 64512K, used 9192K [0x0000000080000000, 0x0000000083f00000, 0x00000000d5580000)
  object space 64512K, 14% used [0x0000000080000000,0x00000000808fa298,0x0000000083f00000)
 Metaspace       used 22046K, capacity 22867K, committed 23168K, reserved 1069056K
  class space    used 3191K, capacity 3406K, committed 3456K, reserved 1048576K
Event: 12.918 GC heap after
Heap after GC invocations=8 (full 1):
 PSYoungGen      total 38400K, used 2425K [0x00000000d5580000, 0x00000000d9200000, 0x0000000100000000)
  eden space 27648K, 0% used [0x00000000d5580000,0x00000000d5580000,0x00000000d7080000)
  from space 10752K, 22% used [0x00000000d7080000,0x00000000d72de440,0x00000000d7b00000)
  to   space 11264K, 0% used [0x00000000d8700000,0x00000000d8700000,0x00000000d9200000)
 ParOldGen       total 64512K, used 9200K [0x0000000080000000, 0x0000000083f00000, 0x00000000d5580000)
  object space 64512K, 14% used [0x0000000080000000,0x00000000808fc298,0x0000000083f00000)
 Metaspace       used 22046K, capacity 22867K, committed 23168K, reserved 1069056K
  class space    used 3191K, capacity 3406K, committed 3456K, reserved 1048576K
}
Event: 13.707 GC heap before
{Heap before GC invocations=9 (full 1):
 PSYoungGen      total 38400K, used 30073K [0x00000000d5580000, 0x00000000d9200000, 0x0000000100000000)
  eden space 27648K, 100% used [0x00000000d5580000,0x00000000d7080000,0x00000000d7080000)
  from space 10752K, 22% used [0x00000000d7080000,0x00000000d72de440,0x00000000d7b00000)
  to   space 11264K, 0% used [0x00000000d8700000,0x00000000d8700000,0x00000000d9200000)
 ParOldGen       total 64512K, used 9200K [0x0000000080000000, 0x0000000083f00000, 0x00000000d5580000)
  object space 64512K, 14% used [0x0000000080000000,0x00000000808fc298,0x0000000083f00000)
 Metaspace       used 23942K, capacity 24921K, committed 25088K, reserved 1071104K
  class space    used 3498K, capacity 3759K, committed 3840K, reserved 1048576K
Event: 13.714 GC heap after
Heap after GC invocations=9 (full 1):
 PSYoungGen      total 50688K, used 3630K [0x00000000d5580000, 0x00000000d9180000, 0x0000000100000000)
  eden space 39936K, 0% used [0x00000000d5580000,0x00000000d5580000,0x00000000d7c80000)
  from space 10752K, 33% used [0x00000000d8700000,0x00000000d8a8bad0,0x00000000d9180000)
  to   space 10752K, 0% used [0x00000000d7c80000,0x00000000d7c80000,0x00000000d8700000)
 ParOldGen       total 64512K, used 9208K [0x0000000080000000, 0x0000000083f00000, 0x00000000d5580000)
  object space 64512K, 14% used [0x0000000080000000,0x00000000808fe298,0x0000000083f00000)
 Metaspace       used 23942K, capacity 24921K, committed 25088K, reserved 1071104K
  class space    used 3498K, capacity 3759K, committed 3840K, reserved 1048576K
}
Event: 16.320 GC heap before
{Heap before GC invocations=10 (full 1):
 PSYoungGen      total 50688K, used 43566K [0x00000000d5580000, 0x00000000d9180000, 0x0000000100000000)
  eden space 39936K, 100% used [0x00000000d5580000,0x00000000d7c80000,0x00000000d7c80000)
  from space 10752K, 33% used [0x00000000d8700000,0x00000000d8a8bad0,0x00000000d9180000)
  to   space 10752K, 0% used [0x00000000d7c80000,0x00000000d7c80000,0x00000000d8700000)
 ParOldGen       total 64512K, used 9208K [0x0000000080000000, 0x0000000083f00000, 0x00000000d5580000)
  object space 64512K, 14% used [0x0000000080000000,0x00000000808fe298,0x0000000083f00000)
 Metaspace       used 30954K, capacity 32037K, committed 32256K, reserved 1077248K
  class space    used 4265K, capacity 4540K, committed 4608K, reserved 1048576K
Event: 16.331 GC heap after
Heap after GC invocations=10 (full 1):
 PSYoungGen      total 50688K, used 7951K [0x00000000d5580000, 0x00000000d9c00000, 0x0000000100000000)
  eden space 39936K, 0% used [0x00000000d5580000,0x00000000d5580000,0x00000000d7c80000)
  from space 10752K, 73% used [0x00000000d7c80000,0x00000000d8443d80,0x00000000d8700000)
  to   space 11264K, 0% used [0x00000000d9100000,0x00000000d9100000,0x00000000d9c00000)
 ParOldGen       total 64512K, used 9216K [0x0000000080000000, 0x0000000083f00000, 0x00000000d5580000)
  object space 64512K, 14% used [0x0000000080000000,0x0000000080900298,0x0000000083f00000)
 Metaspace       used 30954K, capacity 32037K, committed 32256K, reserved 1077248K
  class space    used 4265K, capacity 4540K, committed 4608K, reserved 1048576K
}

Deoptimization events (10 events):
Event: 12.128 Thread 0x000000001a2e5000 Uncommon trap: reason=unstable_if action=reinterpret pc=0x000000000295ff44 method=java.net.URI.quote(Ljava/lang/String;JJ)Ljava/lang/String; @ 195
Event: 12.447 Thread 0x000000001a2e5000 Uncommon trap: reason=unstable_if action=reinterpret pc=0x0000000002d29b20 method=java.util.HashMap.hash(Ljava/lang/Object;)I @ 1
Event: 12.538 Thread 0x000000001a2e5000 Uncommon trap: reason=unstable_if action=reinterpret pc=0x0000000002d6087c method=jdk.internal.org.objectweb.asm.Type.getArgumentsAndReturnSizes(Ljava/lang/String;)I @ 88
Event: 13.028 Thread 0x000000001a2e5000 Uncommon trap: reason=unstable_if action=reinterpret pc=0x0000000002a31bcc method=java.io.WinNTFileSystem.resolve(Ljava/lang/String;Ljava/lang/String;)Ljava/lang/String; @ 49
Event: 14.496 Thread 0x000000001a2e5000 Uncommon trap: reason=unstable_if action=reinterpret pc=0x00000000028a262c method=java.lang.ClassLoader.getClassLoadingLock(Ljava/lang/String;)Ljava/lang/Object; @ 6
Event: 14.654 Thread 0x000000001a2e5000 Uncommon trap: reason=bimorphic action=maybe_recompile pc=0x0000000002954594 method=java.io.BufferedInputStream.read([BII)I @ 101
Event: 14.654 Thread 0x000000001a2e5000 Uncommon trap: reason=bimorphic action=maybe_recompile pc=0x0000000002954594 method=java.io.BufferedInputStream.read([BII)I @ 101
Event: 14.656 Thread 0x000000001a2e5000 Uncommon trap: reason=bimorphic action=maybe_recompile pc=0x0000000002954594 method=java.io.BufferedInputStream.read([BII)I @ 101
Event: 14.657 Thread 0x000000001a2e5000 Uncommon trap: reason=bimorphic action=maybe_recompile pc=0x0000000002954594 method=java.io.BufferedInputStream.read([BII)I @ 101
Event: 16.333 Thread 0x0000000002703000 Uncommon trap: reason=unstable_if action=reinterpret pc=0x0000000002c6a8fc method=java.lang.ref.Reference.tryHandlePending(Z)Z @ 104

Classes redefined (0 events):
No events

Internal exceptions (10 events):
Event: 16.296 Thread 0x000000001a2e5000 Exception <a 'java/lang/ClassNotFoundException': org/gradle/api/internal/initialization/DefaultScriptHandlerCustomizer> (0x00000000d7b50c18) thrown at [C:\jenkins\workspace\8-2-build-windows-amd64-cygwin\jdk8u251\737\hotspot\src\share\vm\classfile\systemD
Event: 16.490 Thread 0x000000001a2e5000 Exception <a 'java/lang/ClassNotFoundException': org/gradle/api/internal/artifacts/dsl/dependencies/DefaultDependencyHandler_DecoratedBeanInfo> (0x00000000d5e0cc10) thrown at [C:\jenkins\workspace\8-2-build-windows-amd64-cygwin\jdk8u251\737\hotspot\src\sh
Event: 16.492 Thread 0x000000001a2e5000 Exception <a 'java/lang/ClassNotFoundException': org/gradle/api/internal/artifacts/dsl/dependencies/DefaultDependencyHandlerBeanInfo> (0x00000000d5e65830) thrown at [C:\jenkins\workspace\8-2-build-windows-amd64-cygwin\jdk8u251\737\hotspot\src\share\vm\cla
Event: 16.495 Thread 0x000000001a2e5000 Exception <a 'java/lang/ClassNotFoundException': org/gradle/api/internal/artifacts/dsl/dependencies/DefaultDependencyHandlerCustomizer> (0x00000000d5ebf1c0) thrown at [C:\jenkins\workspace\8-2-build-windows-amd64-cygwin\jdk8u251\737\hotspot\src\share\vm\c
Event: 16.501 Thread 0x000000001a2e5000 Exception <a 'java/lang/ClassNotFoundException': org/gradle/api/internal/artifacts/dsl/dependencies/DefaultDependencyHandler_DecoratedCustomizer> (0x00000000d5f49f60) thrown at [C:\jenkins\workspace\8-2-build-windows-amd64-cygwin\jdk8u251\737\hotspot\src\
Event: 16.787 Thread 0x000000001a2e5000 Exception <a 'java/lang/NoSuchMethodError': java.lang.Object.lambda$static$0(Lorg/gradle/api/internal/artifacts/configurations/MutationValidator$MutationType;)V> (0x00000000d66a61a0) thrown at [C:\jenkins\workspace\8-2-build-windows-amd64-cygwin\jdk8u251\
Event: 16.911 Thread 0x000000001a2e5000 Exception <a 'java/lang/NoSuchMethodError': java.lang.Object.lambda$static$0(Lorg/gradle/internal/component/model/DependencyMetadata;)Lorg/gradle/api/internal/artifacts/ivyservice/dependencysubstitution/DependencySubstitutionApplicator$SubstitutionResult;
Event: 17.052 Thread 0x000000001a2e5000 Exception <a 'java/lang/IncompatibleClassChangeError': Found class java.lang.Object, but interface was expected> (0x00000000d7131f88) thrown at [C:\jenkins\workspace\8-2-build-windows-amd64-cygwin\jdk8u251\737\hotspot\src\share\vm\interpreter\linkResolver
Event: 17.055 Thread 0x000000001a2e5000 Exception <a 'java/lang/NoSuchMethodError': java.lang.Object.lambda$thenComparing$36697e65$1(Ljava/util/Comparator;Ljava/lang/Object;Ljava/lang/Object;)I> (0x00000000d713d6d0) thrown at [C:\jenkins\workspace\8-2-build-windows-amd64-cygwin\jdk8u251\737\hot
Event: 17.266 Thread 0x000000001a2e5000 Exception <a 'java/lang/NoSuchMethodError': java.lang.Object.lambda$static$0(Lorg/gradle/api/internal/artifacts/ivyservice/resolveengine/artifact/ArtifactVisitor;)V> (0x00000000d773ca90) thrown at [C:\jenkins\workspace\8-2-build-windows-amd64-cygwin\jdk8u

Events (10 events):
Event: 17.264 loading class org/gradle/api/internal/artifacts/ivyservice/resolveengine/artifact/CompositeResolvedArtifactSet
Event: 17.264 loading class org/gradle/api/internal/artifacts/ivyservice/resolveengine/artifact/CompositeResolvedArtifactSet done
Event: 17.266 loading class org/gradle/api/internal/artifacts/ivyservice/resolveengine/artifact/ArtifactVisitor
Event: 17.266 loading class org/gradle/api/internal/artifacts/ivyservice/resolveengine/artifact/ArtifactVisitor done
Event: 17.266 loading class org/gradle/api/internal/artifacts/ivyservice/resolveengine/artifact/ArtifactVisitor
Event: 17.266 loading class org/gradle/api/internal/artifacts/ivyservice/resolveengine/artifact/ArtifactVisitor done
Event: 17.266 loading class org/gradle/api/internal/artifacts/ivyservice/resolveengine/artifact/ResolvedArtifactSet$Completion
Event: 17.266 loading class org/gradle/api/internal/artifacts/ivyservice/resolveengine/artifact/ResolvedArtifactSet$Completion done
Event: 17.266 loading class org/gradle/api/internal/artifacts/ivyservice/resolveengine/artifact/ResolvedArtifactSet$1
Event: 17.266 loading class org/gradle/api/internal/artifacts/ivyservice/resolveengine/artifact/ResolvedArtifactSet$1 done


Dynamic libraries:
0x00007ff7b1d20000 - 0x00007ff7b1d57000 	C:\Program Files\Java\jdk1.8.0_251\bin\java.exe
0x00007fff8b4b0000 - 0x00007fff8b6a5000 	C:\WINDOWS\SYSTEM32\ntdll.dll
0x00007fff899b0000 - 0x00007fff89a6d000 	C:\WINDOWS\System32\KERNEL32.DLL
0x00007fff89030000 - 0x00007fff892f8000 	C:\WINDOWS\System32\KERNELBASE.dll
0x00007fff8ad40000 - 0x00007fff8adec000 	C:\WINDOWS\System32\ADVAPI32.dll
0x00007fff89a70000 - 0x00007fff89b0e000 	C:\WINDOWS\System32\msvcrt.dll
0x00007fff8a410000 - 0x00007fff8a4ab000 	C:\WINDOWS\System32\sechost.dll
0x00007fff8b160000 - 0x00007fff8b28b000 	C:\WINDOWS\System32\RPCRT4.dll
0x00007fff89b20000 - 0x00007fff89cc0000 	C:\WINDOWS\System32\USER32.dll
0x00007fff894e0000 - 0x00007fff89502000 	C:\WINDOWS\System32\win32u.dll
0x00007fff89980000 - 0x00007fff899aa000 	C:\WINDOWS\System32\GDI32.dll
0x00007fff88f20000 - 0x00007fff8902b000 	C:\WINDOWS\System32\gdi32full.dll
0x00007fff88bf0000 - 0x00007fff88c8d000 	C:\WINDOWS\System32\msvcp_win.dll
0x00007fff88c90000 - 0x00007fff88d90000 	C:\WINDOWS\System32\ucrtbase.dll
0x00007fff79620000 - 0x00007fff798ba000 	C:\WINDOWS\WinSxS\amd64_microsoft.windows.common-controls_6595b64144ccf1df_6.0.19041.844_none_ca00b6081b84eb1d\COMCTL32.dll
0x00007fff8acb0000 - 0x00007fff8ace0000 	C:\WINDOWS\System32\IMM32.DLL
0x00000000605d0000 - 0x00000000606a2000 	C:\Program Files\Java\jdk1.8.0_251\jre\bin\msvcr100.dll
0x000000005e570000 - 0x000000005ee1b000 	C:\Program Files\Java\jdk1.8.0_251\jre\bin\server\jvm.dll
0x00007fff8abc0000 - 0x00007fff8abc8000 	C:\WINDOWS\System32\PSAPI.DLL
0x00007fff80b10000 - 0x00007fff80b37000 	C:\WINDOWS\SYSTEM32\WINMM.dll
0x00007fff829c0000 - 0x00007fff829c9000 	C:\WINDOWS\SYSTEM32\WSOCK32.dll
0x00007fff8aa00000 - 0x00007fff8aa6b000 	C:\WINDOWS\System32\WS2_32.dll
0x00007fff819b0000 - 0x00007fff819ba000 	C:\WINDOWS\SYSTEM32\VERSION.dll
0x00007fff7d740000 - 0x00007fff7d74f000 	C:\Program Files\Java\jdk1.8.0_251\jre\bin\verify.dll
0x00007fff6b300000 - 0x00007fff6b329000 	C:\Program Files\Java\jdk1.8.0_251\jre\bin\java.dll
0x00007fff78d20000 - 0x00007fff78d36000 	C:\Program Files\Java\jdk1.8.0_251\jre\bin\zip.dll
0x00007fff89cc0000 - 0x00007fff8a402000 	C:\WINDOWS\System32\SHELL32.dll
0x00007fff86b10000 - 0x00007fff872a0000 	C:\WINDOWS\SYSTEM32\windows.storage.dll
0x00007fff89570000 - 0x00007fff898c5000 	C:\WINDOWS\System32\combase.dll
0x00007fff88590000 - 0x00007fff885bc000 	C:\WINDOWS\SYSTEM32\Wldp.dll
0x00007fff898d0000 - 0x00007fff8997e000 	C:\WINDOWS\System32\SHCORE.dll
0x00007fff89510000 - 0x00007fff89565000 	C:\WINDOWS\System32\shlwapi.dll
0x00007fff88b30000 - 0x00007fff88b4f000 	C:\WINDOWS\SYSTEM32\profapi.dll
0x00007fff78ce0000 - 0x00007fff78cfa000 	C:\Program Files\Java\jdk1.8.0_251\jre\bin\net.dll
0x00007fff88300000 - 0x00007fff8836a000 	C:\WINDOWS\system32\mswsock.dll
0x00007fff6c910000 - 0x00007fff6c922000 	C:\Program Files\Java\jdk1.8.0_251\jre\bin\nio.dll
0x00007fff6bf70000 - 0x00007fff6bf97000 	C:\Users\Huynh Tan Viet\.gradle\native\f6784746aeab05261644944871eae4fe03e0ef1612fff0a4a95f87b438bc6780\windows-amd64\native-platform.dll
0x00007fff7d6a0000 - 0x00007fff7d6ad000 	C:\Program Files\Java\jdk1.8.0_251\jre\bin\management.dll
0x00007fff884e0000 - 0x00007fff884f8000 	C:\WINDOWS\SYSTEM32\CRYPTSP.dll
0x00007fff87ca0000 - 0x00007fff87cd4000 	C:\WINDOWS\system32\rsaenh.dll
0x00007fff88de0000 - 0x00007fff88e07000 	C:\WINDOWS\System32\bcrypt.dll
0x00007fff88af0000 - 0x00007fff88b1e000 	C:\WINDOWS\SYSTEM32\USERENV.dll
0x00007fff89460000 - 0x00007fff894e0000 	C:\WINDOWS\System32\bcryptprimitives.dll
0x00007fff884d0000 - 0x00007fff884dc000 	C:\WINDOWS\SYSTEM32\CRYPTBASE.dll
0x00007fff87ff0000 - 0x00007fff8802b000 	C:\WINDOWS\SYSTEM32\IPHLPAPI.DLL
0x00007fff8a4b0000 - 0x00007fff8a4b8000 	C:\WINDOWS\System32\NSI.dll
0x00007fff818c0000 - 0x00007fff818d7000 	C:\WINDOWS\SYSTEM32\dhcpcsvc6.DLL
0x00007fff82230000 - 0x00007fff8224d000 	C:\WINDOWS\SYSTEM32\dhcpcsvc.DLL
0x00007fff88080000 - 0x00007fff8814c000 	C:\WINDOWS\SYSTEM32\DNSAPI.dll
0x00007fff82420000 - 0x00007fff8242b000 	C:\WINDOWS\SYSTEM32\WINNSI.DLL

VM Arguments:
jvm_args: -Xmx2048m -Dfile.encoding=windows-1252 -Duser.country=US -Duser.language=en -Duser.variant 
java_command: org.gradle.launcher.daemon.bootstrap.GradleDaemon 6.5
java_class_path (initial): C:\Users\Huynh Tan Viet\.gradle\wrapper\dists\gradle-6.5-bin\6nifqtx7604sqp1q6g8wikw7p\gradle-6.5\lib\gradle-launcher-6.5.jar
Launcher Type: SUN_STANDARD

Environment Variables:
JAVA_HOME=C:\Program Files\Java\jdk1.8.0_251
USERNAME=Huynh Tan Viet
OS=Windows_NT
PROCESSOR_IDENTIFIER=Intel64 Family 6 Model 61 Stepping 4, GenuineIntel



---------------  S Y S T E M  ---------------

OS: Windows 10.0 , 64 bit Build 19041 (10.0.19041.928)

CPU:total 4 (initial active 4) (2 cores per cpu, 2 threads per core) family 6 model 61 stepping 4, cmov, cx8, fxsr, mmx, sse, sse2, sse3, ssse3, sse4.1, sse4.2, popcnt, avx, avx2, aes, clmul, erms, 3dnowpref, lzcnt, ht, tsc, tscinvbit, bmi1, bmi2, adx

Memory: 4k page, physical 8296264k(327488k free), swap 12490568k(6464k free)

vm_info: Java HotSpot(TM) 64-Bit Server VM (25.251-b08) for windows-amd64 JRE (1.8.0_251-b08), built on Mar 12 2020 06:31:49 by "" with MS VC++ 10.0 (VS2010)

time: Mon May 31 15:52:11 2021
timezone: SE Asia Standard Time
elapsed time: 17 seconds (0d 0h 0m 17s)

